This is XeTeX, Version 3.141592653-2.6-0.999997 (TeX Live 2025) (preloaded format=xelatex 2025.9.26)  6 OCT 2025 20:24
entering extended mode
 restricted \write18 enabled.
 file:line:error style messages enabled.
 %&-line parsing enabled.
**/Users/huangxuehai/Documents/GitHub/mine/mixedfem/讲义/lecture
(/Users/huangxuehai/Documents/GitHub/mine/mixedfem/讲义/lecture.tex
LaTeX2e <2024-11-01> patch level 2
L3 programming layer <2025-01-18>
(/usr/local/texlive/2025/texmf-dist/tex/latex/base/book.cls
Document Class: book 2024/06/29 v1.4n Standard LaTeX document class
(/usr/local/texlive/2025/texmf-dist/tex/latex/base/bk10.clo
File: bk10.clo 2024/06/29 v1.4n Standard LaTeX file (size option)
)
\c@part=\count192
\c@chapter=\count193
\c@section=\count194
\c@subsection=\count195
\c@subsubsection=\count196
\c@paragraph=\count197
\c@subparagraph=\count198
\c@figure=\count199
\c@table=\count266
\abovecaptionskip=\skip49
\belowcaptionskip=\skip50
\bibindent=\dimen141
) (/usr/local/texlive/2025/texmf-dist/tex/latex/fontspec/fontspec.sty (/usr/local/texlive/2025/texmf-dist/tex/latex/l3packages/xparse/xparse.sty (/usr/local/texlive/2025/texmf-dist/tex/latex/l3kernel/expl3.sty
Package: expl3 2025-01-18 L3 programming layer (loader) 
 (/usr/local/texlive/2025/texmf-dist/tex/latex/l3backend/l3backend-xetex.def
File: l3backend-xetex.def 2024-05-08 L3 backend support: XeTeX
\g__graphics_track_int=\count267
\l__pdf_internal_box=\box52
\g__pdf_backend_annotation_int=\count268
\g__pdf_backend_link_int=\count269
))
Package: xparse 2024-08-16 L3 Experimental document command parser
)
Package: fontspec 2024/05/11 v2.9e Font selection for XeLaTeX and LuaLaTeX
 (/usr/local/texlive/2025/texmf-dist/tex/latex/fontspec/fontspec-xetex.sty
Package: fontspec-xetex 2024/05/11 v2.9e Font selection for XeLaTeX and LuaLaTeX
\l__fontspec_script_int=\count270
\l__fontspec_language_int=\count271
\l__fontspec_strnum_int=\count272
\l__fontspec_tmp_int=\count273
\l__fontspec_tmpa_int=\count274
\l__fontspec_tmpb_int=\count275
\l__fontspec_tmpc_int=\count276
\l__fontspec_em_int=\count277
\l__fontspec_emdef_int=\count278
\l__fontspec_strong_int=\count279
\l__fontspec_strongdef_int=\count280
\l__fontspec_tmpa_dim=\dimen142
\l__fontspec_tmpb_dim=\dimen143
\l__fontspec_tmpc_dim=\dimen144
 (/usr/local/texlive/2025/texmf-dist/tex/latex/base/fontenc.sty
Package: fontenc 2021/04/29 v2.0v Standard LaTeX package
) (/usr/local/texlive/2025/texmf-dist/tex/latex/fontspec/fontspec.cfg)))

Package fontspec Info: 
(fontspec)             Could not resolve font "Songti SC Regular/I" (it
(fontspec)             probably doesn't exist).


Package fontspec Info: 
(fontspec)             Font family 'SongtiSCRegular(0)' created for font
(fontspec)             'Songti SC Regular' with options [Ligatures=TeX].
(fontspec)              
(fontspec)              This font family consists of the following NFSS
(fontspec)             series/shapes:
(fontspec)              
(fontspec)             - 'normal' (m/n) with NFSS spec.: <->"Songti SC
(fontspec)             Regular/AAT:mapping=tex-text;"
(fontspec)             - 'bold' (b/n) with NFSS spec.: <->"Songti SC
(fontspec)             Regular/B/AAT:mapping=tex-text;"
(fontspec)             - 'bold italic' (b/it) with NFSS spec.: <->"Songti SC
(fontspec)             Regular/BI/AAT:mapping=tex-text;"

 (/usr/local/texlive/2025/texmf-dist/tex/latex/ctex/ctexcap.sty
Package: ctexcap 2022/07/14 v2.5.10 Chinese adapter in LaTeX (CTEX)


Package ctexcap Warning: Package `ctexcap' is deprecated.
(ctexcap)                Please use package `ctex' with option `heading'
(ctexcap)                instead:
(ctexcap)                
(ctexcap)                    \usepackage[heading]{ctex}
(ctexcap)                

) (/usr/local/texlive/2025/texmf-dist/tex/latex/ctex/ctex.sty
Package: ctex 2022/07/14 v2.5.10 Chinese adapter in LaTeX (CTEX)
 (/usr/local/texlive/2025/texmf-dist/tex/latex/ctex/ctexhook.sty
Package: ctexhook 2022/07/14 v2.5.10 Document and package hooks (CTEX)
) (/usr/local/texlive/2025/texmf-dist/tex/latex/ctex/ctexpatch.sty
Package: ctexpatch 2022/07/14 v2.5.10 Patching commands (CTEX)
) (/usr/local/texlive/2025/texmf-dist/tex/latex/base/fix-cm.sty
Package: fix-cm 2020/11/24 v1.1t fixes to LaTeX
 (/usr/local/texlive/2025/texmf-dist/tex/latex/base/ts1enc.def
File: ts1enc.def 2001/06/05 v3.0e (jk/car/fm) Standard LaTeX file
LaTeX Font Info:    Redeclaring font encoding TS1 on input line 47.
))
\l__ctex_tmp_int=\count281
\l__ctex_tmp_box=\box53
\l__ctex_tmp_dim=\dimen145
\g__ctex_section_depth_int=\count282
\g__ctex_font_size_int=\count283
 (/usr/local/texlive/2025/texmf-dist/tex/latex/ctex/config/ctexopts.cfg
File: ctexopts.cfg 2022/07/14 v2.5.10 Option configuration file (CTEX)
) (/usr/local/texlive/2025/texmf-dist/tex/latex/ctex/engine/ctex-engine-xetex.def
File: ctex-engine-xetex.def 2022/07/14 v2.5.10 XeLaTeX adapter (CTEX)
 (/usr/local/texlive/2025/texmf-dist/tex/xelatex/xecjk/xeCJK.sty
Package: xeCJK 2022/08/05 v3.9.1 Typesetting CJK scripts with XeLaTeX
 (/usr/local/texlive/2025/texmf-dist/tex/latex/l3packages/xtemplate/xtemplate.sty
Package: xtemplate 2024-08-16 L3 Experimental prototype document functions
)
\l__xeCJK_tmp_int=\count284
\l__xeCJK_tmp_box=\box54
\l__xeCJK_tmp_dim=\dimen146
\l__xeCJK_tmp_skip=\skip51
\g__xeCJK_space_factor_int=\count285
\l__xeCJK_begin_int=\count286
\l__xeCJK_end_int=\count287
\c__xeCJK_CJK_class_int=\XeTeXcharclass1
\c__xeCJK_FullLeft_class_int=\XeTeXcharclass2
\c__xeCJK_FullRight_class_int=\XeTeXcharclass3
\c__xeCJK_HalfLeft_class_int=\XeTeXcharclass4
\c__xeCJK_HalfRight_class_int=\XeTeXcharclass5
\c__xeCJK_NormalSpace_class_int=\XeTeXcharclass6
\c__xeCJK_CM_class_int=\XeTeXcharclass7
\c__xeCJK_HangulJamo_class_int=\XeTeXcharclass8
\l__xeCJK_last_skip=\skip52
\c__xeCJK_none_node=\count288
\g__xeCJK_node_int=\count289
\c__xeCJK_CJK_node_dim=\dimen147
\c__xeCJK_CJK-space_node_dim=\dimen148
\c__xeCJK_default_node_dim=\dimen149
\c__xeCJK_CJK-widow_node_dim=\dimen150
\c__xeCJK_normalspace_node_dim=\dimen151
\c__xeCJK_default-space_node_skip=\skip53
\l__xeCJK_ccglue_skip=\skip54
\l__xeCJK_ecglue_skip=\skip55
\l__xeCJK_punct_kern_skip=\skip56
\l__xeCJK_indent_box=\box55
\l__xeCJK_last_penalty_int=\count290
\l__xeCJK_last_bound_dim=\dimen152
\l__xeCJK_last_kern_dim=\dimen153
\l__xeCJK_widow_penalty_int=\count291

LaTeX template Info: Declaring template type 'xeCJK/punctuation' taking 0
(template)           argument(s) on line 2396.

\l__xeCJK_fixed_punct_width_dim=\dimen154
\l__xeCJK_mixed_punct_width_dim=\dimen155
\l__xeCJK_middle_punct_width_dim=\dimen156
\l__xeCJK_fixed_margin_width_dim=\dimen157
\l__xeCJK_mixed_margin_width_dim=\dimen158
\l__xeCJK_middle_margin_width_dim=\dimen159
\l__xeCJK_bound_punct_width_dim=\dimen160
\l__xeCJK_bound_margin_width_dim=\dimen161
\l__xeCJK_margin_minimum_dim=\dimen162
\l__xeCJK_kerning_total_width_dim=\dimen163
\l__xeCJK_same_align_margin_dim=\dimen164
\l__xeCJK_different_align_margin_dim=\dimen165
\l__xeCJK_kerning_margin_width_dim=\dimen166
\l__xeCJK_kerning_margin_minimum_dim=\dimen167
\l__xeCJK_bound_dim=\dimen168
\l__xeCJK_reverse_bound_dim=\dimen169
\l__xeCJK_margin_dim=\dimen170
\l__xeCJK_minimum_bound_dim=\dimen171
\l__xeCJK_kerning_margin_dim=\dimen172
\g__xeCJK_family_int=\count292
\l__xeCJK_fam_int=\count293
\g__xeCJK_fam_allocation_int=\count294
\l__xeCJK_verb_case_int=\count295
\l__xeCJK_verb_exspace_skip=\skip57
 (/usr/local/texlive/2025/texmf-dist/tex/xelatex/xecjk/xeCJK.cfg
File: xeCJK.cfg 2022/08/05 v3.9.1 Configuration file for xeCJK package
))
\ccwd=\dimen173
\l__ctex_ccglue_skip=\skip58
)
\l__ctex_ziju_dim=\dimen174
 (/usr/local/texlive/2025/texmf-dist/tex/latex/zhnumber/zhnumber.sty
Package: zhnumber 2022/07/14 v3.0 Typesetting numbers with Chinese glyphs
\l__zhnum_scale_int=\count296
\l__zhnum_tmp_int=\count297
 (/usr/local/texlive/2025/texmf-dist/tex/latex/zhnumber/zhnumber-utf8.cfg
File: zhnumber-utf8.cfg 2022/07/14 v3.0 Chinese numerals with UTF8 encoding
)) (/usr/local/texlive/2025/texmf-dist/tex/latex/ctex/heading/ctex-heading-book.def
File: ctex-book.def 2022/07/14 v2.5.10 Heading modification for book (CTEX)
\l__ctex_heading_skip=\skip59
 (/usr/local/texlive/2025/texmf-dist/tex/latex/ctex/scheme/ctex-scheme-chinese-book.def
File: ctex-scheme-chinese-book.def 2022/07/14 v2.5.10 Chinese scheme for book (CTEX)
 (/usr/local/texlive/2025/texmf-dist/tex/latex/ctex/config/ctex-name-utf8.cfg
File: ctex-name-utf8.cfg 2022/07/14 v2.5.10 Caption with encoding UTF-8 (CTEX)
))) (/usr/local/texlive/2025/texmf-dist/tex/latex/ctex/fontset/ctex-fontset-mac.def
File: ctex-fontset-mac.def 2022/07/14 v2.5.10 macOS fonts definition (CTEX)
 (/usr/local/texlive/2025/texmf-dist/tex/latex/ctex/fontset/ctex-fontset-macold.def
File: ctex-fontset-macold.def 2022/07/14 v2.5.10 macOS fonts definition for Yosemite or earlier version (CTEX)

Package fontspec Info: 
(fontspec)             Script 'CJK' not explicitly supported within font
(fontspec)             'STSong'. Check the typeset output, and if it is okay
(fontspec)             then ignore this warning. Otherwise a different font
(fontspec)             should be chosen.


Package fontspec Info: 
(fontspec)             Could not resolve font "STKaiti/B" (it probably doesn't
(fontspec)             exist).


Package fontspec Info: 
(fontspec)             Could not resolve font "STHeiti/I" (it probably doesn't
(fontspec)             exist).


Package fontspec Info: 
(fontspec)             Could not resolve font "STSong/BI" (it probably doesn't
(fontspec)             exist).


Package fontspec Info: 
(fontspec)             Font family 'STSong(0)' created for font 'STSong' with
(fontspec)             options
(fontspec)             [Script={CJK},BoldFont={STHeiti},ItalicFont={STKaiti}].
(fontspec)              
(fontspec)              This font family consists of the following NFSS
(fontspec)             series/shapes:
(fontspec)              
(fontspec)             - 'normal' (m/n) with NFSS spec.:
(fontspec)             <->"STSong/OT:script=hani;language=dflt;"
(fontspec)             - 'bold' (b/n) with NFSS spec.:
(fontspec)             <->"STHeiti/OT:script=hani;language=dflt;"
(fontspec)             - 'italic' (m/it) with NFSS spec.:
(fontspec)             <->"STKaiti/OT:script=hani;language=dflt;"

))) (/usr/local/texlive/2025/texmf-dist/tex/latex/ctex/config/ctex.cfg
File: ctex.cfg 2022/07/14 v2.5.10 Configuration file (CTEX)
) (/usr/local/texlive/2025/texmf-dist/tex/latex/tools/enumerate.sty
Package: enumerate 2023/07/04 v3.00 enumerate extensions (DPC)
\@enLab=\toks17
) (/usr/local/texlive/2025/texmf-dist/tex/generic/babel/babel.sty
Package: babel 2025/02/14 v25.4 The multilingual framework for pdfLaTeX, LuaLaTeX and XeLaTeX
\babel@savecnt=\count298
\U@D=\dimen175
\l@unhyphenated=\language90
 (/usr/local/texlive/2025/texmf-dist/tex/generic/babel/xebabel.def)
\bbl@readstream=\read2
\bbl@dirlevel=\count299
 (/usr/local/texlive/2025/texmf-dist/tex/generic/babel-english/english.ldf
Language: english 2017/06/06 v3.3r English support from the babel system
Package babel Info: Hyphen rules for 'canadian' set to \l@english
(babel)             (\language0). Reported on input line 102.
Package babel Info: Hyphen rules for 'australian' set to \l@ukenglish
(babel)             (\language22). Reported on input line 105.
Package babel Info: Hyphen rules for 'newzealand' set to \l@ukenglish
(babel)             (\language22). Reported on input line 108.
)) (/usr/local/texlive/2025/texmf-dist/tex/generic/babel/locale/en/babel-english.tex
Package babel Info: Importing font and identification data for english
(babel)             from babel-en.ini. Reported on input line 11.
) (/usr/local/texlive/2025/texmf-dist/tex/latex/amsmath/amsmath.sty
Package: amsmath 2024/11/05 v2.17t AMS math features
\@mathmargin=\skip60

For additional information on amsmath, use the `?' option.
(/usr/local/texlive/2025/texmf-dist/tex/latex/amsmath/amstext.sty
Package: amstext 2021/08/26 v2.01 AMS text
 (/usr/local/texlive/2025/texmf-dist/tex/latex/amsmath/amsgen.sty
File: amsgen.sty 1999/11/30 v2.0 generic functions
\@emptytoks=\toks18
\ex@=\dimen176
)) (/usr/local/texlive/2025/texmf-dist/tex/latex/amsmath/amsbsy.sty
Package: amsbsy 1999/11/29 v1.2d Bold Symbols
\pmbraise@=\dimen177
) (/usr/local/texlive/2025/texmf-dist/tex/latex/amsmath/amsopn.sty
Package: amsopn 2022/04/08 v2.04 operator names
)
\inf@bad=\count300
LaTeX Info: Redefining \frac on input line 233.
\uproot@=\count301
\leftroot@=\count302
LaTeX Info: Redefining \overline on input line 398.
LaTeX Info: Redefining \colon on input line 409.
\classnum@=\count303
\DOTSCASE@=\count304
LaTeX Info: Redefining \ldots on input line 495.
LaTeX Info: Redefining \dots on input line 498.
LaTeX Info: Redefining \cdots on input line 619.
\Mathstrutbox@=\box56
\strutbox@=\box57
LaTeX Info: Redefining \big on input line 721.
LaTeX Info: Redefining \Big on input line 722.
LaTeX Info: Redefining \bigg on input line 723.
LaTeX Info: Redefining \Bigg on input line 724.
\big@size=\dimen178
LaTeX Font Info:    Redeclaring font encoding OML on input line 742.
LaTeX Font Info:    Redeclaring font encoding OMS on input line 743.
\macc@depth=\count305
LaTeX Info: Redefining \bmod on input line 904.
LaTeX Info: Redefining \pmod on input line 909.
LaTeX Info: Redefining \smash on input line 939.
LaTeX Info: Redefining \relbar on input line 969.
LaTeX Info: Redefining \Relbar on input line 970.
\c@MaxMatrixCols=\count306
\dotsspace@=\muskip17
\c@parentequation=\count307
\dspbrk@lvl=\count308
\tag@help=\toks19
\row@=\count309
\column@=\count310
\maxfields@=\count311
\andhelp@=\toks20
\eqnshift@=\dimen179
\alignsep@=\dimen180
\tagshift@=\dimen181
\tagwidth@=\dimen182
\totwidth@=\dimen183
\lineht@=\dimen184
\@envbody=\toks21
\multlinegap=\skip61
\multlinetaggap=\skip62
\mathdisplay@stack=\toks22
LaTeX Info: Redefining \[ on input line 2953.
LaTeX Info: Redefining \] on input line 2954.
) (/usr/local/texlive/2025/texmf-dist/tex/latex/amscls/amsthm.sty
Package: amsthm 2020/05/29 v2.20.6
\thm@style=\toks23
\thm@bodyfont=\toks24
\thm@headfont=\toks25
\thm@notefont=\toks26
\thm@headpunct=\toks27
\thm@preskip=\skip63
\thm@postskip=\skip64
\thm@headsep=\skip65
\dth@everypar=\toks28
) (/usr/local/texlive/2025/texmf-dist/tex/latex/amsfonts/amssymb.sty
Package: amssymb 2013/01/14 v3.01 AMS font symbols
 (/usr/local/texlive/2025/texmf-dist/tex/latex/amsfonts/amsfonts.sty
Package: amsfonts 2013/01/14 v3.01 Basic AMSFonts support
\symAMSa=\mathgroup4
\symAMSb=\mathgroup5
LaTeX Font Info:    Redeclaring math symbol \hbar on input line 98.
LaTeX Font Info:    Overwriting math alphabet `\mathfrak' in version `bold'
(Font)                  U/euf/m/n --> U/euf/b/n on input line 106.
)) (/usr/local/texlive/2025/texmf-dist/tex/latex/jknapltx/mathrsfs.sty
Package: mathrsfs 1996/01/01 Math RSFS package v1.0 (jk)
\symrsfs=\mathgroup6
) (/usr/local/texlive/2025/texmf-dist/tex/latex/stmaryrd/stmaryrd.sty
Package: stmaryrd 1994/03/03 St Mary's Road symbol package
\symstmry=\mathgroup7
LaTeX Font Info:    Overwriting symbol font `stmry' in version `bold'
(Font)                  U/stmry/m/n --> U/stmry/b/n on input line 89.
) (/usr/local/texlive/2025/texmf-dist/tex/latex/chemarrow/chemarrow.sty
\z@=\dimen185
\z@skip=\skip66
\autotop=\dimen186
\autobottom=\dimen187
\autosize=\dimen188
) (/usr/local/texlive/2025/texmf-dist/tex/latex/hyperref/hyperref.sty
Package: hyperref 2024-11-05 v7.01l Hypertext links for LaTeX
 (/usr/local/texlive/2025/texmf-dist/tex/generic/iftex/iftex.sty
Package: iftex 2024/12/12 v1.0g TeX engine tests
) (/usr/local/texlive/2025/texmf-dist/tex/latex/graphics/keyval.sty
Package: keyval 2022/05/29 v1.15 key=value parser (DPC)
\KV@toks@=\toks29
) (/usr/local/texlive/2025/texmf-dist/tex/latex/kvsetkeys/kvsetkeys.sty
Package: kvsetkeys 2022-10-05 v1.19 Key value parser (HO)
) (/usr/local/texlive/2025/texmf-dist/tex/generic/kvdefinekeys/kvdefinekeys.sty
Package: kvdefinekeys 2019-12-19 v1.6 Define keys (HO)
) (/usr/local/texlive/2025/texmf-dist/tex/generic/pdfescape/pdfescape.sty
Package: pdfescape 2019/12/09 v1.15 Implements pdfTeX's escape features (HO)
 (/usr/local/texlive/2025/texmf-dist/tex/generic/ltxcmds/ltxcmds.sty
Package: ltxcmds 2023-12-04 v1.26 LaTeX kernel commands for general use (HO)
) (/usr/local/texlive/2025/texmf-dist/tex/generic/pdftexcmds/pdftexcmds.sty
Package: pdftexcmds 2020-06-27 v0.33 Utility functions of pdfTeX for LuaTeX (HO)
 (/usr/local/texlive/2025/texmf-dist/tex/generic/infwarerr/infwarerr.sty
Package: infwarerr 2019/12/03 v1.5 Providing info/warning/error messages (HO)
)
Package pdftexcmds Info: \pdf@primitive is available.
Package pdftexcmds Info: \pdf@ifprimitive is available.
Package pdftexcmds Info: \pdfdraftmode not found.
)) (/usr/local/texlive/2025/texmf-dist/tex/latex/hycolor/hycolor.sty
Package: hycolor 2020-01-27 v1.10 Color options for hyperref/bookmark (HO)
) (/usr/local/texlive/2025/texmf-dist/tex/latex/hyperref/nameref.sty
Package: nameref 2023-11-26 v2.56 Cross-referencing by name of section
 (/usr/local/texlive/2025/texmf-dist/tex/latex/refcount/refcount.sty
Package: refcount 2019/12/15 v3.6 Data extraction from label references (HO)
) (/usr/local/texlive/2025/texmf-dist/tex/generic/gettitlestring/gettitlestring.sty
Package: gettitlestring 2019/12/15 v1.6 Cleanup title references (HO)
 (/usr/local/texlive/2025/texmf-dist/tex/latex/kvoptions/kvoptions.sty
Package: kvoptions 2022-06-15 v3.15 Key value format for package options (HO)
))
\c@section@level=\count312
) (/usr/local/texlive/2025/texmf-dist/tex/latex/etoolbox/etoolbox.sty
Package: etoolbox 2025/02/11 v2.5l e-TeX tools for LaTeX (JAW)
\etb@tempcnta=\count313
) (/usr/local/texlive/2025/texmf-dist/tex/generic/stringenc/stringenc.sty
Package: stringenc 2019/11/29 v1.12 Convert strings between diff. encodings (HO)
)
\@linkdim=\dimen189
\Hy@linkcounter=\count314
\Hy@pagecounter=\count315
 (/usr/local/texlive/2025/texmf-dist/tex/latex/hyperref/pd1enc.def
File: pd1enc.def 2024-11-05 v7.01l Hyperref: PDFDocEncoding definition (HO)
) (/usr/local/texlive/2025/texmf-dist/tex/generic/intcalc/intcalc.sty
Package: intcalc 2019/12/15 v1.3 Expandable calculations with integers (HO)
)
\Hy@SavedSpaceFactor=\count316
 (/usr/local/texlive/2025/texmf-dist/tex/latex/hyperref/puenc.def
File: puenc.def 2024-11-05 v7.01l Hyperref: PDF Unicode definition (HO)
)
Package hyperref Info: Option `unicode' set `true' on input line 4040.
Package hyperref Info: Hyper figures OFF on input line 4157.
Package hyperref Info: Link nesting OFF on input line 4162.
Package hyperref Info: Hyper index ON on input line 4165.
Package hyperref Info: Plain pages OFF on input line 4172.
Package hyperref Info: Backreferencing OFF on input line 4177.
Package hyperref Info: Implicit mode ON; LaTeX internals redefined.
Package hyperref Info: Bookmarks ON on input line 4424.
\c@Hy@tempcnt=\count317
 (/usr/local/texlive/2025/texmf-dist/tex/latex/url/url.sty
\Urlmuskip=\muskip18
Package: url 2013/09/16  ver 3.4  Verb mode for urls, etc.
)
LaTeX Info: Redefining \url on input line 4763.
\XeTeXLinkMargin=\dimen190
 (/usr/local/texlive/2025/texmf-dist/tex/generic/bitset/bitset.sty
Package: bitset 2019/12/09 v1.3 Handle bit-vector datatype (HO)
 (/usr/local/texlive/2025/texmf-dist/tex/generic/bigintcalc/bigintcalc.sty
Package: bigintcalc 2019/12/15 v1.5 Expandable calculations on big integers (HO)
))
\Fld@menulength=\count318
\Field@Width=\dimen191
\Fld@charsize=\dimen192
Package hyperref Info: Hyper figures OFF on input line 6042.
Package hyperref Info: Link nesting OFF on input line 6047.
Package hyperref Info: Hyper index ON on input line 6050.
Package hyperref Info: backreferencing OFF on input line 6057.
Package hyperref Info: Link coloring OFF on input line 6062.
Package hyperref Info: Link coloring with OCG OFF on input line 6067.
Package hyperref Info: PDF/A mode OFF on input line 6072.
 (/usr/local/texlive/2025/texmf-dist/tex/latex/base/atbegshi-ltx.sty
Package: atbegshi-ltx 2021/01/10 v1.0c Emulation of the original atbegshi
package with kernel methods
)
\Hy@abspage=\count319
\c@Item=\count320
\c@Hfootnote=\count321
)
Package hyperref Info: Driver (autodetected): hxetex.
 (/usr/local/texlive/2025/texmf-dist/tex/latex/hyperref/hxetex.def
File: hxetex.def 2024-11-05 v7.01l Hyperref driver for XeTeX
\pdfm@box=\box58
\c@Hy@AnnotLevel=\count322
\HyField@AnnotCount=\count323
\Fld@listcount=\count324
\c@bookmark@seq@number=\count325
 (/usr/local/texlive/2025/texmf-dist/tex/latex/rerunfilecheck/rerunfilecheck.sty
Package: rerunfilecheck 2022-07-10 v1.10 Rerun checks for auxiliary files (HO)
 (/usr/local/texlive/2025/texmf-dist/tex/latex/base/atveryend-ltx.sty
Package: atveryend-ltx 2020/08/19 v1.0a Emulation of the original atveryend package
with kernel methods
) (/usr/local/texlive/2025/texmf-dist/tex/generic/uniquecounter/uniquecounter.sty
Package: uniquecounter 2019/12/15 v1.4 Provide unlimited unique counter (HO)
)
Package uniquecounter Info: New unique counter `rerunfilecheck' on input line 285.
)
\Hy@SectionHShift=\skip67
)
Package hyperref Info: Option `colorlinks' set `true' on input line 34.
 (/usr/local/texlive/2025/texmf-dist/tex/latex/graphics/graphicx.sty
Package: graphicx 2021/09/16 v1.2d Enhanced LaTeX Graphics (DPC,SPQR)
 (/usr/local/texlive/2025/texmf-dist/tex/latex/graphics/graphics.sty
Package: graphics 2024/08/06 v1.4g Standard LaTeX Graphics (DPC,SPQR)
 (/usr/local/texlive/2025/texmf-dist/tex/latex/graphics/trig.sty
Package: trig 2023/12/02 v1.11 sin cos tan (DPC)
) (/usr/local/texlive/2025/texmf-dist/tex/latex/graphics-cfg/graphics.cfg
File: graphics.cfg 2016/06/04 v1.11 sample graphics configuration
)
Package graphics Info: Driver file: xetex.def on input line 106.
 (/usr/local/texlive/2025/texmf-dist/tex/latex/graphics-def/xetex.def
File: xetex.def 2022/09/22 v5.0n Graphics/color driver for xetex
))
\Gin@req@height=\dimen193
\Gin@req@width=\dimen194
) (/usr/local/texlive/2025/texmf-dist/tex/latex/subfigure/subfigure.sty
Package: subfigure 2002/03/15 v2.1.5 subfigure package
\subfigtopskip=\skip68
\subfigcapskip=\skip69
\subfigcaptopadj=\dimen195
\subfigbottomskip=\skip70
\subfigcapmargin=\dimen196
\subfiglabelskip=\skip71
\c@subfigure=\count326
\c@lofdepth=\count327
\c@subtable=\count328
\c@lotdepth=\count329

****************************************
* Local config file subfigure.cfg used *
****************************************
(/usr/local/texlive/2025/texmf-dist/tex/latex/subfigure/subfigure.cfg)
\subfig@top=\skip72
\subfig@bottom=\skip73
) (/usr/local/texlive/2025/texmf-dist/tex/generic/xypic/xy.sty (/usr/local/texlive/2025/texmf-dist/tex/generic/xypic/xy.tex Bootstrap'ing: catcodes, docmode, (/usr/local/texlive/2025/texmf-dist/tex/generic/xypic/xyrecat.tex) (/usr/local/texlive/2025/texmf-dist/tex/generic/xypic/xyidioms.tex)

 Xy-pic version 3.8.9 <2013/10/06>
 Copyright (c) 1991-2013 by Kristoffer H. Rose <krisrose@tug.org> and others
 Xy-pic is free software: see the User's Guide for details.

Loading kernel: messages; fonts; allocations: state,
\X@c=\dimen197
\Y@c=\dimen198
\U@c=\dimen199
\D@c=\dimen256
\L@c=\dimen257
\R@c=\dimen258
\Edge@c=\toks30
\X@p=\dimen259
\Y@p=\dimen260
\U@p=\dimen261
\D@p=\dimen262
\L@p=\dimen263
\R@p=\dimen264
\Edge@p=\toks31
\X@origin=\dimen265
\Y@origin=\dimen266
\X@xbase=\dimen267
\Y@xbase=\dimen268
\X@ybase=\dimen269
\Y@ybase=\dimen270
\X@min=\dimen271
\Y@min=\dimen272
\X@max=\dimen273
\Y@max=\dimen274
\lastobjectbox@=\box59
\zerodotbox@=\box60
\almostz@=\dimen275
 direction,
\d@X=\dimen276
\d@Y=\dimen277
\K@=\count330
\KK@=\count331
\Direction=\count332
\K@dXdY=\dimen278
\K@dYdX=\dimen279
\xyread@=\read3
\xywrite@=\write3
\csp@=\count333
\quotPTK@=\dimen280
 utility macros; pictures: \xy, positions,
\swaptoks@@=\toks32
\connectobjectbox@@=\box61
 objects,
\styletoks@=\toks33
 decorations; kernel objects: directionals, circles, text; options; algorithms: directions, edges, connections;  Xy-pic loaded) (/usr/local/texlive/2025/texmf-dist/tex/generic/iftex/ifpdf.sty
Package: ifpdf 2019/10/25 v3.4 ifpdf legacy package. Use iftex instead.
)
Package: xy 2013/10/06 Xy-pic version 3.8.9
 (/usr/local/texlive/2025/texmf-dist/tex/generic/xypic/xyall.tex  Xy-pic option: All features v.3.8 (/usr/local/texlive/2025/texmf-dist/tex/generic/xypic/xycurve.tex  Xy-pic option: Curve and Spline extension v.3.12 curve,
\crv@cnt@=\count334
\crvpts@=\toks34
\splinebox@=\box62
\splineval@=\dimen281
\splinedepth@=\dimen282
\splinetol@=\dimen283
\splinelength@=\dimen284
 circles,
\L@=\dimen285
 loaded) (/usr/local/texlive/2025/texmf-dist/tex/generic/xypic/xyframe.tex  Xy-pic option: Frame and Bracket extension v.3.14 loaded) (/usr/local/texlive/2025/texmf-dist/tex/generic/xypic/xycmtip.tex  Xy-pic option: Computer Modern tip extension v.3.7 (/usr/local/texlive/2025/texmf-dist/tex/generic/xypic/xytips.tex  Xy-pic option: More Tips extension v.3.11 loaded) loaded) (/usr/local/texlive/2025/texmf-dist/tex/generic/xypic/xyline.tex  Xy-pic option: Line styles extension v.3.10
\xylinethick@=\dimen286
 loaded) (/usr/local/texlive/2025/texmf-dist/tex/generic/xypic/xyrotate.tex  Xy-pic option: Rotate and Scale extension v.3.8 loaded) (/usr/local/texlive/2025/texmf-dist/tex/generic/xypic/xycolor.tex  Xy-pic option: Colour extension v.3.11 loaded) (/usr/local/texlive/2025/texmf-dist/tex/generic/xypic/xymatrix.tex  Xy-pic option: Matrix feature v.3.14
\Row=\count335
\Col=\count336
\queue@=\toks35
\queue@@=\toks36
\qcount@=\count337
\qcount@@=\count338
\matrixsize@=\count339
 loaded) (/usr/local/texlive/2025/texmf-dist/tex/generic/xypic/xyarrow.tex  Xy-pic option: Arrow and Path feature v.3.9 path, \ar, loaded) (/usr/local/texlive/2025/texmf-dist/tex/generic/xypic/xygraph.tex  Xy-pic option: Graph feature v.3.11 loaded) loaded)) (/usr/local/texlive/2025/texmf-dist/tex/latex/pgf/frontendlayer/tikz.sty (/usr/local/texlive/2025/texmf-dist/tex/latex/pgf/basiclayer/pgf.sty (/usr/local/texlive/2025/texmf-dist/tex/latex/pgf/utilities/pgfrcs.sty (/usr/local/texlive/2025/texmf-dist/tex/generic/pgf/utilities/pgfutil-common.tex
\pgfutil@everybye=\toks37
\pgfutil@tempdima=\dimen287
\pgfutil@tempdimb=\dimen288
) (/usr/local/texlive/2025/texmf-dist/tex/generic/pgf/utilities/pgfutil-latex.def
\pgfutil@abb=\box63
) (/usr/local/texlive/2025/texmf-dist/tex/generic/pgf/utilities/pgfrcs.code.tex (/usr/local/texlive/2025/texmf-dist/tex/generic/pgf/pgf.revision.tex)
Package: pgfrcs 2023-01-15 v3.1.10 (3.1.10)
))
Package: pgf 2023-01-15 v3.1.10 (3.1.10)
 (/usr/local/texlive/2025/texmf-dist/tex/latex/pgf/basiclayer/pgfcore.sty (/usr/local/texlive/2025/texmf-dist/tex/latex/pgf/systemlayer/pgfsys.sty (/usr/local/texlive/2025/texmf-dist/tex/generic/pgf/systemlayer/pgfsys.code.tex
Package: pgfsys 2023-01-15 v3.1.10 (3.1.10)
 (/usr/local/texlive/2025/texmf-dist/tex/generic/pgf/utilities/pgfkeys.code.tex
\pgfkeys@pathtoks=\toks38
\pgfkeys@temptoks=\toks39
 (/usr/local/texlive/2025/texmf-dist/tex/generic/pgf/utilities/pgfkeyslibraryfiltered.code.tex
\pgfkeys@tmptoks=\toks40
))
\pgf@x=\dimen289
\pgf@y=\dimen290
\pgf@xa=\dimen291
\pgf@ya=\dimen292
\pgf@xb=\dimen293
\pgf@yb=\dimen294
\pgf@xc=\dimen295
\pgf@yc=\dimen296
\pgf@xd=\dimen297
\pgf@yd=\dimen298
\w@pgf@writea=\write4
\r@pgf@reada=\read4
\c@pgf@counta=\count340
\c@pgf@countb=\count341
\c@pgf@countc=\count342
\c@pgf@countd=\count343
\t@pgf@toka=\toks41
\t@pgf@tokb=\toks42
\t@pgf@tokc=\toks43
\pgf@sys@id@count=\count344
 (/usr/local/texlive/2025/texmf-dist/tex/generic/pgf/systemlayer/pgf.cfg
File: pgf.cfg 2023-01-15 v3.1.10 (3.1.10)
)
Driver file for pgf: pgfsys-xetex.def
 (/usr/local/texlive/2025/texmf-dist/tex/generic/pgf/systemlayer/pgfsys-xetex.def
File: pgfsys-xetex.def 2023-01-15 v3.1.10 (3.1.10)
 (/usr/local/texlive/2025/texmf-dist/tex/generic/pgf/systemlayer/pgfsys-dvipdfmx.def
File: pgfsys-dvipdfmx.def 2023-01-15 v3.1.10 (3.1.10)
 (/usr/local/texlive/2025/texmf-dist/tex/generic/pgf/systemlayer/pgfsys-common-pdf.def
File: pgfsys-common-pdf.def 2023-01-15 v3.1.10 (3.1.10)
)
\pgfsys@objnum=\count345
))) (/usr/local/texlive/2025/texmf-dist/tex/generic/pgf/systemlayer/pgfsyssoftpath.code.tex
File: pgfsyssoftpath.code.tex 2023-01-15 v3.1.10 (3.1.10)
\pgfsyssoftpath@smallbuffer@items=\count346
\pgfsyssoftpath@bigbuffer@items=\count347
) (/usr/local/texlive/2025/texmf-dist/tex/generic/pgf/systemlayer/pgfsysprotocol.code.tex
File: pgfsysprotocol.code.tex 2023-01-15 v3.1.10 (3.1.10)
)) (/usr/local/texlive/2025/texmf-dist/tex/latex/xcolor/xcolor.sty
Package: xcolor 2024/09/29 v3.02 LaTeX color extensions (UK)
 (/usr/local/texlive/2025/texmf-dist/tex/latex/graphics-cfg/color.cfg
File: color.cfg 2016/01/02 v1.6 sample color configuration
)
Package xcolor Info: Driver file: xetex.def on input line 274.
 (/usr/local/texlive/2025/texmf-dist/tex/latex/graphics/mathcolor.ltx)
Package xcolor Info: Model `cmy' substituted by `cmy0' on input line 1349.
Package xcolor Info: Model `RGB' extended on input line 1365.
Package xcolor Info: Model `HTML' substituted by `rgb' on input line 1367.
Package xcolor Info: Model `Hsb' substituted by `hsb' on input line 1368.
Package xcolor Info: Model `tHsb' substituted by `hsb' on input line 1369.
Package xcolor Info: Model `HSB' substituted by `hsb' on input line 1370.
Package xcolor Info: Model `Gray' substituted by `gray' on input line 1371.
Package xcolor Info: Model `wave' substituted by `hsb' on input line 1372.
) (/usr/local/texlive/2025/texmf-dist/tex/generic/pgf/basiclayer/pgfcore.code.tex
Package: pgfcore 2023-01-15 v3.1.10 (3.1.10)
 (/usr/local/texlive/2025/texmf-dist/tex/generic/pgf/math/pgfmath.code.tex (/usr/local/texlive/2025/texmf-dist/tex/generic/pgf/math/pgfmathutil.code.tex) (/usr/local/texlive/2025/texmf-dist/tex/generic/pgf/math/pgfmathparser.code.tex
\pgfmath@dimen=\dimen299
\pgfmath@count=\count348
\pgfmath@box=\box64
\pgfmath@toks=\toks44
\pgfmath@stack@operand=\toks45
\pgfmath@stack@operation=\toks46
) (/usr/local/texlive/2025/texmf-dist/tex/generic/pgf/math/pgfmathfunctions.code.tex) (/usr/local/texlive/2025/texmf-dist/tex/generic/pgf/math/pgfmathfunctions.basic.code.tex) (/usr/local/texlive/2025/texmf-dist/tex/generic/pgf/math/pgfmathfunctions.trigonometric.code.tex) (/usr/local/texlive/2025/texmf-dist/tex/generic/pgf/math/pgfmathfunctions.random.code.tex) (/usr/local/texlive/2025/texmf-dist/tex/generic/pgf/math/pgfmathfunctions.comparison.code.tex) (/usr/local/texlive/2025/texmf-dist/tex/generic/pgf/math/pgfmathfunctions.base.code.tex) (/usr/local/texlive/2025/texmf-dist/tex/generic/pgf/math/pgfmathfunctions.round.code.tex) (/usr/local/texlive/2025/texmf-dist/tex/generic/pgf/math/pgfmathfunctions.misc.code.tex) (/usr/local/texlive/2025/texmf-dist/tex/generic/pgf/math/pgfmathfunctions.integerarithmetics.code.tex) (/usr/local/texlive/2025/texmf-dist/tex/generic/pgf/math/pgfmathcalc.code.tex) (/usr/local/texlive/2025/texmf-dist/tex/generic/pgf/math/pgfmathfloat.code.tex
\c@pgfmathroundto@lastzeros=\count349
)) (/usr/local/texlive/2025/texmf-dist/tex/generic/pgf/math/pgfint.code.tex) (/usr/local/texlive/2025/texmf-dist/tex/generic/pgf/basiclayer/pgfcorepoints.code.tex
File: pgfcorepoints.code.tex 2023-01-15 v3.1.10 (3.1.10)
\pgf@picminx=\dimen300
\pgf@picmaxx=\dimen301
\pgf@picminy=\dimen302
\pgf@picmaxy=\dimen303
\pgf@pathminx=\dimen304
\pgf@pathmaxx=\dimen305
\pgf@pathminy=\dimen306
\pgf@pathmaxy=\dimen307
\pgf@xx=\dimen308
\pgf@xy=\dimen309
\pgf@yx=\dimen310
\pgf@yy=\dimen311
\pgf@zx=\dimen312
\pgf@zy=\dimen313
) (/usr/local/texlive/2025/texmf-dist/tex/generic/pgf/basiclayer/pgfcorepathconstruct.code.tex
File: pgfcorepathconstruct.code.tex 2023-01-15 v3.1.10 (3.1.10)
\pgf@path@lastx=\dimen314
\pgf@path@lasty=\dimen315
) (/usr/local/texlive/2025/texmf-dist/tex/generic/pgf/basiclayer/pgfcorepathusage.code.tex
File: pgfcorepathusage.code.tex 2023-01-15 v3.1.10 (3.1.10)
\pgf@shorten@end@additional=\dimen316
\pgf@shorten@start@additional=\dimen317
) (/usr/local/texlive/2025/texmf-dist/tex/generic/pgf/basiclayer/pgfcorescopes.code.tex
File: pgfcorescopes.code.tex 2023-01-15 v3.1.10 (3.1.10)
\pgfpic=\box65
\pgf@hbox=\box66
\pgf@layerbox@main=\box67
\pgf@picture@serial@count=\count350
) (/usr/local/texlive/2025/texmf-dist/tex/generic/pgf/basiclayer/pgfcoregraphicstate.code.tex
File: pgfcoregraphicstate.code.tex 2023-01-15 v3.1.10 (3.1.10)
\pgflinewidth=\dimen318
) (/usr/local/texlive/2025/texmf-dist/tex/generic/pgf/basiclayer/pgfcoretransformations.code.tex
File: pgfcoretransformations.code.tex 2023-01-15 v3.1.10 (3.1.10)
\pgf@pt@x=\dimen319
\pgf@pt@y=\dimen320
\pgf@pt@temp=\dimen321
) (/usr/local/texlive/2025/texmf-dist/tex/generic/pgf/basiclayer/pgfcorequick.code.tex
File: pgfcorequick.code.tex 2023-01-15 v3.1.10 (3.1.10)
) (/usr/local/texlive/2025/texmf-dist/tex/generic/pgf/basiclayer/pgfcoreobjects.code.tex
File: pgfcoreobjects.code.tex 2023-01-15 v3.1.10 (3.1.10)
) (/usr/local/texlive/2025/texmf-dist/tex/generic/pgf/basiclayer/pgfcorepathprocessing.code.tex
File: pgfcorepathprocessing.code.tex 2023-01-15 v3.1.10 (3.1.10)
) (/usr/local/texlive/2025/texmf-dist/tex/generic/pgf/basiclayer/pgfcorearrows.code.tex
File: pgfcorearrows.code.tex 2023-01-15 v3.1.10 (3.1.10)
\pgfarrowsep=\dimen322
) (/usr/local/texlive/2025/texmf-dist/tex/generic/pgf/basiclayer/pgfcoreshade.code.tex
File: pgfcoreshade.code.tex 2023-01-15 v3.1.10 (3.1.10)
\pgf@max=\dimen323
\pgf@sys@shading@range@num=\count351
\pgf@shadingcount=\count352
) (/usr/local/texlive/2025/texmf-dist/tex/generic/pgf/basiclayer/pgfcoreimage.code.tex
File: pgfcoreimage.code.tex 2023-01-15 v3.1.10 (3.1.10)
) (/usr/local/texlive/2025/texmf-dist/tex/generic/pgf/basiclayer/pgfcoreexternal.code.tex
File: pgfcoreexternal.code.tex 2023-01-15 v3.1.10 (3.1.10)
\pgfexternal@startupbox=\box68
) (/usr/local/texlive/2025/texmf-dist/tex/generic/pgf/basiclayer/pgfcorelayers.code.tex
File: pgfcorelayers.code.tex 2023-01-15 v3.1.10 (3.1.10)
) (/usr/local/texlive/2025/texmf-dist/tex/generic/pgf/basiclayer/pgfcoretransparency.code.tex
File: pgfcoretransparency.code.tex 2023-01-15 v3.1.10 (3.1.10)
) (/usr/local/texlive/2025/texmf-dist/tex/generic/pgf/basiclayer/pgfcorepatterns.code.tex
File: pgfcorepatterns.code.tex 2023-01-15 v3.1.10 (3.1.10)
) (/usr/local/texlive/2025/texmf-dist/tex/generic/pgf/basiclayer/pgfcorerdf.code.tex
File: pgfcorerdf.code.tex 2023-01-15 v3.1.10 (3.1.10)
))) (/usr/local/texlive/2025/texmf-dist/tex/generic/pgf/modules/pgfmoduleshapes.code.tex
File: pgfmoduleshapes.code.tex 2023-01-15 v3.1.10 (3.1.10)
\pgfnodeparttextbox=\box69
) (/usr/local/texlive/2025/texmf-dist/tex/generic/pgf/modules/pgfmoduleplot.code.tex
File: pgfmoduleplot.code.tex 2023-01-15 v3.1.10 (3.1.10)
) (/usr/local/texlive/2025/texmf-dist/tex/latex/pgf/compatibility/pgfcomp-version-0-65.sty
Package: pgfcomp-version-0-65 2023-01-15 v3.1.10 (3.1.10)
\pgf@nodesepstart=\dimen324
\pgf@nodesepend=\dimen325
) (/usr/local/texlive/2025/texmf-dist/tex/latex/pgf/compatibility/pgfcomp-version-1-18.sty
Package: pgfcomp-version-1-18 2023-01-15 v3.1.10 (3.1.10)
)) (/usr/local/texlive/2025/texmf-dist/tex/latex/pgf/utilities/pgffor.sty (/usr/local/texlive/2025/texmf-dist/tex/latex/pgf/utilities/pgfkeys.sty (/usr/local/texlive/2025/texmf-dist/tex/generic/pgf/utilities/pgfkeys.code.tex)) (/usr/local/texlive/2025/texmf-dist/tex/latex/pgf/math/pgfmath.sty (/usr/local/texlive/2025/texmf-dist/tex/generic/pgf/math/pgfmath.code.tex)) (/usr/local/texlive/2025/texmf-dist/tex/generic/pgf/utilities/pgffor.code.tex
Package: pgffor 2023-01-15 v3.1.10 (3.1.10)
\pgffor@iter=\dimen326
\pgffor@skip=\dimen327
\pgffor@stack=\toks47
\pgffor@toks=\toks48
)) (/usr/local/texlive/2025/texmf-dist/tex/generic/pgf/frontendlayer/tikz/tikz.code.tex
Package: tikz 2023-01-15 v3.1.10 (3.1.10)
 (/usr/local/texlive/2025/texmf-dist/tex/generic/pgf/libraries/pgflibraryplothandlers.code.tex
File: pgflibraryplothandlers.code.tex 2023-01-15 v3.1.10 (3.1.10)
\pgf@plot@mark@count=\count353
\pgfplotmarksize=\dimen328
)
\tikz@lastx=\dimen329
\tikz@lasty=\dimen330
\tikz@lastxsaved=\dimen331
\tikz@lastysaved=\dimen332
\tikz@lastmovetox=\dimen333
\tikz@lastmovetoy=\dimen334
\tikzleveldistance=\dimen335
\tikzsiblingdistance=\dimen336
\tikz@figbox=\box70
\tikz@figbox@bg=\box71
\tikz@tempbox=\box72
\tikz@tempbox@bg=\box73
\tikztreelevel=\count354
\tikznumberofchildren=\count355
\tikznumberofcurrentchild=\count356
\tikz@fig@count=\count357
 (/usr/local/texlive/2025/texmf-dist/tex/generic/pgf/modules/pgfmodulematrix.code.tex
File: pgfmodulematrix.code.tex 2023-01-15 v3.1.10 (3.1.10)
\pgfmatrixcurrentrow=\count358
\pgfmatrixcurrentcolumn=\count359
\pgf@matrix@numberofcolumns=\count360
)
\tikz@expandcount=\count361
 (/usr/local/texlive/2025/texmf-dist/tex/generic/pgf/frontendlayer/tikz/libraries/tikzlibrarytopaths.code.tex
File: tikzlibrarytopaths.code.tex 2023-01-15 v3.1.10 (3.1.10)
))) (/usr/local/texlive/2025/texmf-dist/tex/latex/tikz-cd/tikz-cd.sty
Package: tikz-cd 2021/05/04 v1.0 Commutative diagrams with TikZ
 (/usr/local/texlive/2025/texmf-dist/tex/generic/tikz-cd/tikzlibrarycd.code.tex (/usr/local/texlive/2025/texmf-dist/tex/generic/pgf/frontendlayer/tikz/libraries/tikzlibrarymatrix.code.tex
File: tikzlibrarymatrix.code.tex 2023-01-15 v3.1.10 (3.1.10)
) (/usr/local/texlive/2025/texmf-dist/tex/generic/pgf/frontendlayer/tikz/libraries/tikzlibraryquotes.code.tex
File: tikzlibraryquotes.code.tex 2023-01-15 v3.1.10 (3.1.10)
) (/usr/local/texlive/2025/texmf-dist/tex/generic/pgf/libraries/pgflibraryarrows.meta.code.tex
File: pgflibraryarrows.meta.code.tex 2023-01-15 v3.1.10 (3.1.10)
\pgfarrowinset=\dimen337
\pgfarrowlength=\dimen338
\pgfarrowwidth=\dimen339
\pgfarrowlinewidth=\dimen340
))) (/usr/local/texlive/2025/texmf-dist/tex/generic/pgf/frontendlayer/tikz/libraries/tikzlibraryarrows.code.tex
File: tikzlibraryarrows.code.tex 2023-01-15 v3.1.10 (3.1.10)
 (/usr/local/texlive/2025/texmf-dist/tex/generic/pgf/libraries/pgflibraryarrows.code.tex
File: pgflibraryarrows.code.tex 2023-01-15 v3.1.10 (3.1.10)
\arrowsize=\dimen341
)) (/usr/local/texlive/2025/texmf-dist/tex/latex/multirow/multirow.sty
Package: multirow 2024/11/12 v2.9 Span multiple rows of a table
\multirow@colwidth=\skip74
\multirow@cntb=\count362
\multirow@dima=\skip75
\bigstrutjot=\dimen342
) (/usr/local/texlive/2025/texmf-dist/tex/latex/tools/array.sty
Package: array 2024/10/17 v2.6g Tabular extension package (FMi)
\col@sep=\dimen343
\ar@mcellbox=\box74
\extrarowheight=\dimen344
\NC@list=\toks49
\extratabsurround=\skip76
\backup@length=\skip77
\ar@cellbox=\box75
) (/usr/local/texlive/2025/texmf-dist/tex/latex/galois/galois.sty
Package: galois 2005/03/19 v1.05, Galois connections, Patrick.Cousot@ens.fr
\@GALOISalphadepth=\skip78
\@GALOISalphaheight=\skip79
\@GALOISgammadepth=\skip80
\@GALOISwidth=\skip81
\@GALOISheight=\skip82
\@GALOISdepth=\skip83
\@GALOIStotalheight=\skip84
\@GALOISGap=\skip85
\@GALOISalphaarrowwidth=\skip86
\@GALOISalphaarrowhalfheight=\skip87
\@GALOISgammaarrowwidth=\skip88
\@GALOISgammaarrowhalfheight=\skip89
) (/usr/local/texlive/2025/texmf-dist/tex/latex/appendix/appendix.sty
Package: appendix 2020/02/08 v1.2c extra appendix facilities
\c@@pps=\count363
\c@@ppsavesec=\count364
\c@@ppsaveapp=\count365
) (/usr/local/texlive/2025/texmf-dist/tex/latex/mathtools/mathtools.sty
Package: mathtools 2024/10/04 v1.31 mathematical typesetting tools
 (/usr/local/texlive/2025/texmf-dist/tex/latex/tools/calc.sty
Package: calc 2023/07/08 v4.3 Infix arithmetic (KKT,FJ)
\calc@Acount=\count366
\calc@Bcount=\count367
\calc@Adimen=\dimen345
\calc@Bdimen=\dimen346
\calc@Askip=\skip90
\calc@Bskip=\skip91
LaTeX Info: Redefining \setlength on input line 80.
LaTeX Info: Redefining \addtolength on input line 81.
\calc@Ccount=\count368
\calc@Cskip=\skip92
) (/usr/local/texlive/2025/texmf-dist/tex/latex/mathtools/mhsetup.sty
Package: mhsetup 2021/03/18 v1.4 programming setup (MH)
)
\g_MT_multlinerow_int=\count369
\l_MT_multwidth_dim=\dimen347
\origjot=\skip93
\l_MT_shortvdotswithinadjustabove_dim=\dimen348
\l_MT_shortvdotswithinadjustbelow_dim=\dimen349
\l_MT_above_intertext_sep=\dimen350
\l_MT_below_intertext_sep=\dimen351
\l_MT_above_shortintertext_sep=\dimen352
\l_MT_below_shortintertext_sep=\dimen353
\xmathstrut@box=\box76
\xmathstrut@dim=\dimen354
) (/usr/local/texlive/2025/texmf-dist/tex/latex/hyperref/backref.sty
Package: backref 2023-11-26 v1.44 Bibliographical back referencing
)
\c@theorem=\count370
\c@example=\count371
\c@exe=\count372
 (./lecture.aux

LaTeX Warning: Label `Cq1' multiply defined.

)
\openout1 = `lecture.aux'.

LaTeX Font Info:    Checking defaults for OML/cmm/m/it on input line 110.
LaTeX Font Info:    ... okay on input line 110.
LaTeX Font Info:    Checking defaults for OMS/cmsy/m/n on input line 110.
LaTeX Font Info:    ... okay on input line 110.
LaTeX Font Info:    Checking defaults for OT1/cmr/m/n on input line 110.
LaTeX Font Info:    ... okay on input line 110.
LaTeX Font Info:    Checking defaults for T1/cmr/m/n on input line 110.
LaTeX Font Info:    ... okay on input line 110.
LaTeX Font Info:    Checking defaults for TS1/cmr/m/n on input line 110.
LaTeX Font Info:    ... okay on input line 110.
LaTeX Font Info:    Checking defaults for TU/lmr/m/n on input line 110.
LaTeX Font Info:    ... okay on input line 110.
LaTeX Font Info:    Checking defaults for OMX/cmex/m/n on input line 110.
LaTeX Font Info:    ... okay on input line 110.
LaTeX Font Info:    Checking defaults for U/cmr/m/n on input line 110.
LaTeX Font Info:    ... okay on input line 110.
LaTeX Font Info:    Checking defaults for PD1/pdf/m/n on input line 110.
LaTeX Font Info:    ... okay on input line 110.
LaTeX Font Info:    Checking defaults for PU/pdf/m/n on input line 110.
LaTeX Font Info:    ... okay on input line 110.

Package fontspec Info: 
(fontspec)             Adjusting the maths setup (use [no-math] to avoid
(fontspec)             this).

\symlegacymaths=\mathgroup8
LaTeX Font Info:    Overwriting symbol font `legacymaths' in version `bold'
(Font)                  OT1/cmr/m/n --> OT1/cmr/bx/n on input line 110.
LaTeX Font Info:    Redeclaring math accent \acute on input line 110.
LaTeX Font Info:    Redeclaring math accent \grave on input line 110.
LaTeX Font Info:    Redeclaring math accent \ddot on input line 110.
LaTeX Font Info:    Redeclaring math accent \tilde on input line 110.
LaTeX Font Info:    Redeclaring math accent \bar on input line 110.
LaTeX Font Info:    Redeclaring math accent \breve on input line 110.
LaTeX Font Info:    Redeclaring math accent \check on input line 110.
LaTeX Font Info:    Redeclaring math accent \hat on input line 110.
LaTeX Font Info:    Redeclaring math accent \dot on input line 110.
LaTeX Font Info:    Redeclaring math accent \mathring on input line 110.
LaTeX Font Info:    Redeclaring math symbol \Gamma on input line 110.
LaTeX Font Info:    Redeclaring math symbol \Delta on input line 110.
LaTeX Font Info:    Redeclaring math symbol \Theta on input line 110.
LaTeX Font Info:    Redeclaring math symbol \Lambda on input line 110.
LaTeX Font Info:    Redeclaring math symbol \Xi on input line 110.
LaTeX Font Info:    Redeclaring math symbol \Pi on input line 110.
LaTeX Font Info:    Redeclaring math symbol \Sigma on input line 110.
LaTeX Font Info:    Redeclaring math symbol \Upsilon on input line 110.
LaTeX Font Info:    Redeclaring math symbol \Phi on input line 110.
LaTeX Font Info:    Redeclaring math symbol \Psi on input line 110.
LaTeX Font Info:    Redeclaring math symbol \Omega on input line 110.
LaTeX Font Info:    Redeclaring math symbol \mathdollar on input line 110.
LaTeX Font Info:    Redeclaring symbol font `operators' on input line 110.
LaTeX Font Info:    Encoding `OT1' has changed to `TU' for symbol font
(Font)              `operators' in the math version `normal' on input line 110.
LaTeX Font Info:    Overwriting symbol font `operators' in version `normal'
(Font)                  OT1/cmr/m/n --> TU/SongtiSCRegular(0)/m/n on input line 110.
LaTeX Font Info:    Encoding `OT1' has changed to `TU' for symbol font
(Font)              `operators' in the math version `bold' on input line 110.
LaTeX Font Info:    Overwriting symbol font `operators' in version `bold'
(Font)                  OT1/cmr/bx/n --> TU/SongtiSCRegular(0)/m/n on input line 110.
LaTeX Font Info:    Overwriting symbol font `operators' in version `normal'
(Font)                  TU/SongtiSCRegular(0)/m/n --> TU/SongtiSCRegular(0)/m/n on input line 110.
LaTeX Font Info:    Overwriting math alphabet `\mathit' in version `normal'
(Font)                  OT1/cmr/m/it --> TU/SongtiSCRegular(0)/m/it on input line 110.
LaTeX Font Info:    Overwriting math alphabet `\mathbf' in version `normal'
(Font)                  OT1/cmr/bx/n --> TU/SongtiSCRegular(0)/b/n on input line 110.
LaTeX Font Info:    Overwriting math alphabet `\mathsf' in version `normal'
(Font)                  OT1/cmss/m/n --> TU/SongtiSCRegular(0)/m/n on input line 110.
LaTeX Font Info:    Overwriting math alphabet `\mathtt' in version `normal'
(Font)                  OT1/cmtt/m/n --> TU/lmtt/m/n on input line 110.
LaTeX Font Info:    Overwriting symbol font `operators' in version `bold'
(Font)                  TU/SongtiSCRegular(0)/m/n --> TU/SongtiSCRegular(0)/b/n on input line 110.
LaTeX Font Info:    Overwriting math alphabet `\mathit' in version `bold'
(Font)                  OT1/cmr/bx/it --> TU/SongtiSCRegular(0)/b/it on input line 110.
LaTeX Font Info:    Overwriting math alphabet `\mathsf' in version `bold'
(Font)                  OT1/cmss/bx/n --> TU/SongtiSCRegular(0)/b/n on input line 110.
LaTeX Font Info:    Overwriting math alphabet `\mathtt' in version `bold'
(Font)                  OT1/cmtt/m/n --> TU/lmtt/b/n on input line 110.
Package hyperref Info: Link coloring ON on input line 110.
 (./lecture.out) (./lecture.out)
\@outlinefile=\write5
\openout5 = `lecture.out'.

LaTeX Font Info:    Trying to load font information for U+msa on input line 126.
 (/usr/local/texlive/2025/texmf-dist/tex/latex/amsfonts/umsa.fd
File: umsa.fd 2013/01/14 v3.01 AMS symbols A
)
LaTeX Font Info:    Trying to load font information for U+msb on input line 126.
 (/usr/local/texlive/2025/texmf-dist/tex/latex/amsfonts/umsb.fd
File: umsb.fd 2013/01/14 v3.01 AMS symbols B
)
LaTeX Font Info:    Trying to load font information for U+rsfs on input line 126.
 (/usr/local/texlive/2025/texmf-dist/tex/latex/jknapltx/ursfs.fd
File: ursfs.fd 1998/03/24 rsfs font definition file (jk)
)
LaTeX Font Info:    Trying to load font information for U+stmry on input line 126.
 (/usr/local/texlive/2025/texmf-dist/tex/latex/stmaryrd/Ustmry.fd)

[1


]


LaTeX Font Warning: Font shape `TU/SongtiSCRegular(0)/m/sl' undefined
(Font)              using `TU/SongtiSCRegular(0)/m/it' instead on input line 128.


LaTeX Font Warning: Font shape `TU/SongtiSCRegular(0)/m/it' undefined
(Font)              using `TU/SongtiSCRegular(0)/m/n' instead on input line 128.

[2

] (./lecture.toc

[3

]


LaTeX Font Warning: Font shape `TU/SongtiSCRegular(0)/m/sl' undefined
(Font)              using `TU/SongtiSCRegular(0)/m/it' instead on input line 77.

[4])
\tf@toc=\write6
\openout6 = `lecture.toc'.

 (./mixedvar.tex


LaTeX Font Warning: Font shape `TU/SongtiSCRegular(0)/m/sl' undefined
(Font)              using `TU/SongtiSCRegular(0)/m/it' instead on input line 2.

[5]


LaTeX Font Warning: Font shape `TU/SongtiSCRegular(0)/m/sl' undefined
(Font)              using `TU/SongtiSCRegular(0)/m/it' instead on input line 2.

[6

]
第一章

LaTeX Font Warning: Font shape `U/stmry/b/n' undefined
(Font)              using `U/stmry/m/n' instead on input line 28.



[7]


LaTeX Font Warning: Font shape `TU/SongtiSCRegular(0)/m/sl' undefined
(Font)              using `TU/SongtiSCRegular(0)/m/it' instead on input line 125.

[8]


LaTeX Font Warning: Font shape `TU/SongtiSCRegular(0)/m/sl' undefined
(Font)              using `TU/SongtiSCRegular(0)/m/it' instead on input line 190.

[9]


LaTeX Font Warning: Font shape `TU/SongtiSCRegular(0)/m/sl' undefined
(Font)              using `TU/SongtiSCRegular(0)/m/it' instead on input line 263.

[10]


LaTeX Font Warning: Font shape `TU/SongtiSCRegular(0)/m/sl' undefined
(Font)              using `TU/SongtiSCRegular(0)/m/it' instead on input line 344.

[11]


LaTeX Font Warning: Font shape `TU/SongtiSCRegular(0)/m/sl' undefined
(Font)              using `TU/SongtiSCRegular(0)/m/it' instead on input line 426.

[12]


LaTeX Font Warning: Font shape `TU/SongtiSCRegular(0)/m/sl' undefined
(Font)              using `TU/SongtiSCRegular(0)/m/it' instead on input line 513.

[13]

LaTeX Warning: Citation `Babuska1971' on page 14 undefined on input line 557.




LaTeX Font Warning: Font shape `TU/SongtiSCRegular(0)/m/sl' undefined
(Font)              using `TU/SongtiSCRegular(0)/m/it' instead on input line 591.

[14]

LaTeX Font Warning: Font shape `TU/STSong(0)/b/it' undefined
(Font)              using `TU/STSong(0)/b/n' instead on input line 612.


LaTeX Warning: Citation `LaxMilgram1954' on page 15 undefined on input line 622.




LaTeX Font Warning: Font shape `TU/SongtiSCRegular(0)/m/sl' undefined
(Font)              using `TU/SongtiSCRegular(0)/m/it' instead on input line 658.

[15]


LaTeX Font Warning: Font shape `TU/SongtiSCRegular(0)/m/sl' undefined
(Font)              using `TU/SongtiSCRegular(0)/m/it' instead on input line 705.

[16]


LaTeX Font Warning: Font shape `TU/SongtiSCRegular(0)/m/sl' undefined
(Font)              using `TU/SongtiSCRegular(0)/m/it' instead on input line 767.

[17]


LaTeX Font Warning: Font shape `TU/SongtiSCRegular(0)/m/sl' undefined
(Font)              using `TU/SongtiSCRegular(0)/m/it' instead on input line 845.

[18]


LaTeX Font Warning: Font shape `TU/SongtiSCRegular(0)/m/sl' undefined
(Font)              using `TU/SongtiSCRegular(0)/m/it' instead on input line 904.

[19]


LaTeX Font Warning: Font shape `TU/SongtiSCRegular(0)/m/sl' undefined
(Font)              using `TU/SongtiSCRegular(0)/m/it' instead on input line 964.

[20]


LaTeX Font Warning: Font shape `TU/SongtiSCRegular(0)/m/sl' undefined
(Font)              using `TU/SongtiSCRegular(0)/m/it' instead on input line 1032.

[21]


LaTeX Font Warning: Font shape `TU/SongtiSCRegular(0)/m/sl' undefined
(Font)              using `TU/SongtiSCRegular(0)/m/it' instead on input line 1093.

[22]


LaTeX Font Warning: Font shape `TU/SongtiSCRegular(0)/m/sl' undefined
(Font)              using `TU/SongtiSCRegular(0)/m/it' instead on input line 1150.

[23]


LaTeX Font Warning: Font shape `TU/SongtiSCRegular(0)/m/sl' undefined
(Font)              using `TU/SongtiSCRegular(0)/m/it' instead on input line 1259.

[24]


LaTeX Font Warning: Font shape `TU/SongtiSCRegular(0)/m/sl' undefined
(Font)              using `TU/SongtiSCRegular(0)/m/it' instead on input line 1320.

[25]) (./femdeRhamComplex.tex


LaTeX Font Warning: Font shape `TU/SongtiSCRegular(0)/m/sl' undefined
(Font)              using `TU/SongtiSCRegular(0)/m/it' instead on input line 2.

[26]
第二章


[27

]


LaTeX Font Warning: Font shape `TU/SongtiSCRegular(0)/m/sl' undefined
(Font)              using `TU/SongtiSCRegular(0)/m/it' instead on input line 131.

[28]


LaTeX Font Warning: Font shape `TU/SongtiSCRegular(0)/m/sl' undefined
(Font)              using `TU/SongtiSCRegular(0)/m/it' instead on input line 177.

[29]


LaTeX Font Warning: Font shape `TU/SongtiSCRegular(0)/m/sl' undefined
(Font)              using `TU/SongtiSCRegular(0)/m/it' instead on input line 242.

[30]


LaTeX Font Warning: Font shape `TU/SongtiSCRegular(0)/m/sl' undefined
(Font)              using `TU/SongtiSCRegular(0)/m/it' instead on input line 313.

[31] <xymatrix 5x1 382> <xymatrix 5x1 382>


LaTeX Font Warning: Font shape `TU/SongtiSCRegular(0)/m/sl' undefined
(Font)              using `TU/SongtiSCRegular(0)/m/it' instead on input line 398.

[32]


LaTeX Font Warning: Font shape `TU/SongtiSCRegular(0)/m/sl' undefined
(Font)              using `TU/SongtiSCRegular(0)/m/it' instead on input line 478.

[33] <xymatrix 6x1 476>


LaTeX Font Warning: Font shape `TU/SongtiSCRegular(0)/m/sl' undefined
(Font)              using `TU/SongtiSCRegular(0)/m/it' instead on input line 549.

[34]


LaTeX Font Warning: Font shape `TU/SongtiSCRegular(0)/m/sl' undefined
(Font)              using `TU/SongtiSCRegular(0)/m/it' instead on input line 606.

[35] <xymatrix 4x1 288>


LaTeX Font Warning: Font shape `TU/SongtiSCRegular(0)/m/sl' undefined
(Font)              using `TU/SongtiSCRegular(0)/m/it' instead on input line 689.

[36] <xymatrix 4x1 288>

Package hyperref Warning: Token not allowed in a PDF string (Unicode):
(hyperref)                removing `math shift' on input line 732.


Package hyperref Warning: Token not allowed in a PDF string (Unicode):
(hyperref)                removing `math shift' on input line 732.


Package hyperref Warning: Token not allowed in a PDF string (Unicode):
(hyperref)                removing `math shift' on input line 732.


Package hyperref Warning: Token not allowed in a PDF string (Unicode):
(hyperref)                removing `math shift' on input line 732.


Overfull \hbox (16.40465pt too wide) in paragraph at lines 733--737
[]\TU/SongtiSCRegular(0)/m/it/10 For an $\OML/cmm/m/it/10 `$\TU/SongtiSCRegular(0)/m/it/10 -dimensional sub-simplex $\OML/cmm/m/it/10 f \OMS/cmsy/m/n/10 2 \OT1/cmr/m/n/10 ^^A[](\OML/cmm/m/it/10 T\OT1/cmr/m/n/10 )$\TU/SongtiSCRegular(0)/m/it/10 , choose $\OML/cmm/m/it/10 `$ \TU/SongtiSCRegular(0)/m/it/10 linearly independent tangential vectors $\OMS/cmsy/m/n/10 f[][]\OML/cmm/m/it/10 ; [] ; [][]\OMS/cmsy/m/n/10 g$
 []


Overfull \hbox (43.67561pt too wide) in paragraph at lines 733--737
\TU/SongtiSCRegular(0)/m/it/10 of $\OML/cmm/m/it/10 f$ \TU/SongtiSCRegular(0)/m/it/10 and $\OML/cmm/m/it/10 d \OMS/cmsy/m/n/10 ^^@ \OML/cmm/m/it/10 `$ \TU/SongtiSCRegular(0)/m/it/10 linearly independent normal vectors $\OMS/cmsy/m/n/10 f[][]\OML/cmm/m/it/10 ; [] ; [][]\OMS/cmsy/m/n/10 g$ \TU/SongtiSCRegular(0)/m/it/10 of $\OML/cmm/m/it/10 f$\TU/SongtiSCRegular(0)/m/it/10 . The set of $\OML/cmm/m/it/10 d$ \TU/SongtiSCRegular(0)/m/it/10 vectors $\OMS/cmsy/m/n/10 f[][]\OML/cmm/m/it/10 ; [] ; [][]; [][]; [] ; [][]\OMS/cmsy/m/n/10 g$
 []


Overfull \hbox (23.33813pt too wide) in paragraph at lines 744--746
\OML/cmm/m/it/10 i; j \OT1/cmr/m/n/10 = 1\OML/cmm/m/it/10 ; [] ; d \OMS/cmsy/m/n/10 ^^@ \OML/cmm/m/it/10 `$\TU/SongtiSCRegular(0)/m/it/10 . As $\U/rsfs/m/n/10 T[] \OMS/cmsy/m/n/10 ? \U/rsfs/m/n/10 N[]$\TU/SongtiSCRegular(0)/m/it/10 , the basis $\OMS/cmsy/m/n/10 f[][]\OML/cmm/m/it/10 ; [] ; [][]; [][]; [] ; [][]\OMS/cmsy/m/n/10 g$ \TU/SongtiSCRegular(0)/m/it/10 is also dual to $\OMS/cmsy/m/n/10 f[][]\OML/cmm/m/it/10 ; [] ; [][]; [][]; [] ; [][]\OMS/cmsy/m/n/10 g$\TU/SongtiSCRegular(0)/m/it/10 . 
 []


LaTeX Warning: Citation `ChenChenHuangWei2023' on page 37 undefined on input line 749.




LaTeX Font Warning: Font shape `TU/SongtiSCRegular(0)/m/sl' undefined
(Font)              using `TU/SongtiSCRegular(0)/m/it' instead on input line 754.

[37]
File: figures/Tbasis.pdf Graphic file (type pdf)
<use figures/Tbasis.pdf>
File: figures/Tedgebasis.pdf Graphic file (type pdf)
<use figures/Tedgebasis.pdf>

Overfull \hbox (2.5pt too wide) in paragraph at lines 786--792
[][][][] 
 []


Package hyperref Warning: Token not allowed in a PDF string (Unicode):
(hyperref)                removing `math shift' on input line 814.


Package hyperref Warning: Token not allowed in a PDF string (Unicode):
(hyperref)                removing `\new@ifnextchar' on input line 814.


Package hyperref Warning: Token not allowed in a PDF string (Unicode):
(hyperref)                removing `math shift' on input line 814.




LaTeX Font Warning: Font shape `TU/SongtiSCRegular(0)/m/sl' undefined
(Font)              using `TU/SongtiSCRegular(0)/m/it' instead on input line 819.

[38]

Package hyperref Warning: Token not allowed in a PDF string (Unicode):
(hyperref)                removing `math shift' on input line 819.


Package hyperref Warning: Token not allowed in a PDF string (Unicode):
(hyperref)                removing `\new@ifnextchar' on input line 819.


Package hyperref Warning: Token not allowed in a PDF string (Unicode):
(hyperref)                removing `math shift' on input line 819.




LaTeX Font Warning: Font shape `TU/SongtiSCRegular(0)/m/sl' undefined
(Font)              using `TU/SongtiSCRegular(0)/m/it' instead on input line 888.

[39]

Package fontspec Info: 
(fontspec)             Script 'CJK' not explicitly supported within font
(fontspec)             'STFangsong'. Check the typeset output, and if it is
(fontspec)             okay then ignore this warning. Otherwise a different
(fontspec)             font should be chosen.


Package fontspec Info: 
(fontspec)             Could not resolve font "STFangsong/BI" (it probably
(fontspec)             doesn't exist).


Package fontspec Info: 
(fontspec)             Could not resolve font "STFangsong/B" (it probably
(fontspec)             doesn't exist).


Package fontspec Info: 
(fontspec)             Could not resolve font "STFangsong/I" (it probably
(fontspec)             doesn't exist).


Package fontspec Info: 
(fontspec)             Font family 'STFangsong(0)' created for font
(fontspec)             'STFangsong' with options [Script={CJK}].
(fontspec)              
(fontspec)              This font family consists of the following NFSS
(fontspec)             series/shapes:
(fontspec)              
(fontspec)             - 'normal' (m/n) with NFSS spec.:
(fontspec)             <->"STFangsong/OT:script=hani;language=dflt;"




LaTeX Font Warning: Font shape `TU/SongtiSCRegular(0)/m/sl' undefined
(Font)              using `TU/SongtiSCRegular(0)/m/it' instead on input line 950.

[40]

Package amsmath Warning: Foreign command \atop;
(amsmath)                \frac or \genfrac should be used instead
(amsmath)                 on input line 1004.




LaTeX Font Warning: Font shape `TU/SongtiSCRegular(0)/m/sl' undefined
(Font)              using `TU/SongtiSCRegular(0)/m/it' instead on input line 1005.

[41]

Package hyperref Warning: Token not allowed in a PDF string (Unicode):
(hyperref)                removing `math shift' on input line 1062.


Package hyperref Warning: Token not allowed in a PDF string (Unicode):
(hyperref)                removing `\new@ifnextchar' on input line 1062.


Package hyperref Warning: Token not allowed in a PDF string (Unicode):
(hyperref)                removing `math shift' on input line 1062.




LaTeX Font Warning: Font shape `TU/SongtiSCRegular(0)/m/sl' undefined
(Font)              using `TU/SongtiSCRegular(0)/m/it' instead on input line 1068.

[42]


LaTeX Font Warning: Font shape `TU/SongtiSCRegular(0)/m/sl' undefined
(Font)              using `TU/SongtiSCRegular(0)/m/it' instead on input line 1140.

[43]


LaTeX Font Warning: Font shape `TU/SongtiSCRegular(0)/m/sl' undefined
(Font)              using `TU/SongtiSCRegular(0)/m/it' instead on input line 1203.

[44]) (./poissonmfem.tex


LaTeX Font Warning: Font shape `TU/SongtiSCRegular(0)/m/sl' undefined
(Font)              using `TU/SongtiSCRegular(0)/m/it' instead on input line 2.

[45]


LaTeX Font Warning: Font shape `TU/SongtiSCRegular(0)/m/sl' undefined
(Font)              using `TU/SongtiSCRegular(0)/m/it' instead on input line 2.

[46

]
第三章


[47]


LaTeX Font Warning: Font shape `TU/SongtiSCRegular(0)/m/sl' undefined
(Font)              using `TU/SongtiSCRegular(0)/m/it' instead on input line 127.

[48]


LaTeX Font Warning: Font shape `TU/SongtiSCRegular(0)/m/sl' undefined
(Font)              using `TU/SongtiSCRegular(0)/m/it' instead on input line 197.

[49]
Overfull \hbox (6.95303pt too wide) in paragraph at lines 252--253
[][]\TU/STSong(0)/b/n/10 定 理 \TU/SongtiSCRegular(0)/b/it/10 3.7. []\TU/STSong(0)/m/it/10 令 $\OT1/cmr/m/n/10 ([]\OML/cmm/m/it/10 ; u\OT1/cmr/m/n/10 )$ \TU/STSong(0)/m/it/10 为 \TU/SongtiSCRegular(0)/m/it/10 ([][]3.4[][]) \TU/STSong(0)/m/it/10 的 解\TU/SongtiSCRegular(0)/m/it/10 , $\OT1/cmr/m/n/10 ([][]\OML/cmm/m/it/10 ; u[]\OT1/cmr/m/n/10 )$ \TU/STSong(0)/m/it/10 为 \TU/SongtiSCRegular(0)/m/it/10 ([][]3.7[][]) \TU/STSong(0)/m/it/10 的 解\TU/SongtiSCRegular(0)/m/it/10 , \TU/STSong(0)/m/it/10 假 设 正 则 性 结 果 \TU/SongtiSCRegular(0)/m/it/10 ([][]3.25[][]) \TU/STSong(0)/m/it/10 成 立\TU/SongtiSCRegular(0)/m/it/10 , \TU/STSong(0)/m/it/10 同 时 $[] \OMS/cmsy/m/n/10 2 \OML/cmm/m/it/10 H[]\OT1/cmr/m/n/10 (
; \U/msb/m/n/10 R[]\OT1/cmr/m/n/10 )$
 []




LaTeX Font Warning: Font shape `TU/SongtiSCRegular(0)/m/sl' undefined
(Font)              using `TU/SongtiSCRegular(0)/m/it' instead on input line 263.

[50]


LaTeX Font Warning: Font shape `TU/SongtiSCRegular(0)/m/sl' undefined
(Font)              using `TU/SongtiSCRegular(0)/m/it' instead on input line 319.

[51]) (./stokesmfem.tex


LaTeX Font Warning: Font shape `TU/SongtiSCRegular(0)/m/sl' undefined
(Font)              using `TU/SongtiSCRegular(0)/m/it' instead on input line 2.

[52]
第四章


[53

]


LaTeX Font Warning: Font shape `TU/SongtiSCRegular(0)/m/sl' undefined
(Font)              using `TU/SongtiSCRegular(0)/m/it' instead on input line 176.

[54]


LaTeX Font Warning: Font shape `TU/SongtiSCRegular(0)/m/sl' undefined
(Font)              using `TU/SongtiSCRegular(0)/m/it' instead on input line 250.

[55]


LaTeX Font Warning: Font shape `TU/SongtiSCRegular(0)/m/sl' undefined
(Font)              using `TU/SongtiSCRegular(0)/m/it' instead on input line 323.

[56]


LaTeX Font Warning: Font shape `TU/SongtiSCRegular(0)/m/sl' undefined
(Font)              using `TU/SongtiSCRegular(0)/m/it' instead on input line 392.

[57]


LaTeX Font Warning: Font shape `TU/SongtiSCRegular(0)/m/sl' undefined
(Font)              using `TU/SongtiSCRegular(0)/m/it' instead on input line 468.

[58]

Package amsmath Warning: Foreign command \atopwithdelims;
(amsmath)                \frac or \genfrac should be used instead
(amsmath)                 on input line 519.




LaTeX Font Warning: Font shape `TU/SongtiSCRegular(0)/m/sl' undefined
(Font)              using `TU/SongtiSCRegular(0)/m/it' instead on input line 531.

[59]
Overfull \hbox (14.17592pt too wide) in paragraph at lines 555--556
[][]\TU/STSong(0)/b/n/10 注 \TU/SongtiSCRegular(0)/b/it/10 4.13. []\TU/STSong(0)/m/n/10 文 献 \TU/SongtiSCRegular(0)/m/it/10 [[]][]\TU/STSong(0)/m/n/10 详 细 研 究 了 \TU/SongtiSCRegular(0)/m/it/10 Stokes \TU/STSong(0)/m/n/10 方 程 \TU/SongtiSCRegular(0)/m/it/10 divergence-free \TU/STSong(0)/m/n/10 的 协 调 元，|  包 括 压 力 间 断 和 压 力 连 续 的 \TU/SongtiSCRegular(0)/m/it/10 divergence-
 []




LaTeX Font Warning: Font shape `TU/SongtiSCRegular(0)/m/sl' undefined
(Font)              using `TU/SongtiSCRegular(0)/m/it' instead on input line 591.

[60]


LaTeX Font Warning: Font shape `TU/SongtiSCRegular(0)/m/sl' undefined
(Font)              using `TU/SongtiSCRegular(0)/m/it' instead on input line 658.

[61]


LaTeX Font Warning: Font shape `TU/SongtiSCRegular(0)/m/sl' undefined
(Font)              using `TU/SongtiSCRegular(0)/m/it' instead on input line 715.

[62]


LaTeX Font Warning: Font shape `TU/SongtiSCRegular(0)/m/sl' undefined
(Font)              using `TU/SongtiSCRegular(0)/m/it' instead on input line 773.

[63]

Package hyperref Warning: Token not allowed in a PDF string (Unicode):
(hyperref)                removing `math shift' on input line 786.


Package hyperref Warning: Token not allowed in a PDF string (Unicode):
(hyperref)                removing `subscript' on input line 786.


Package hyperref Warning: Token not allowed in a PDF string (Unicode):
(hyperref)                removing `math shift' on input line 786.


Package hyperref Warning: Token not allowed in a PDF string (Unicode):
(hyperref)                removing `math shift' on input line 786.


Package hyperref Warning: Token not allowed in a PDF string (Unicode):
(hyperref)                removing `subscript' on input line 786.


Package hyperref Warning: Token not allowed in a PDF string (Unicode):
(hyperref)                removing `math shift' on input line 786.




LaTeX Font Warning: Font shape `TU/SongtiSCRegular(0)/m/sl' undefined
(Font)              using `TU/SongtiSCRegular(0)/m/it' instead on input line 841.

[64]


LaTeX Font Warning: Font shape `TU/SongtiSCRegular(0)/m/sl' undefined
(Font)              using `TU/SongtiSCRegular(0)/m/it' instead on input line 897.

[65]


LaTeX Font Warning: Font shape `TU/SongtiSCRegular(0)/m/sl' undefined
(Font)              using `TU/SongtiSCRegular(0)/m/it' instead on input line 959.

[66]
Overfull \hbox (3.94398pt too wide) in paragraph at lines 977--979
\TU/STSong(0)/m/n/10 于 是 $[][] \OMS/cmsy/m/n/10 2 \U/msb/m/n/10 P[]\OT1/cmr/m/n/10 (\OML/cmm/m/it/10 T\OT1/cmr/m/n/10 ; \U/msb/m/n/10 R[]\OT1/cmr/m/n/10 )$ \TU/STSong(0)/m/n/10 且 满 足 $\OT1/cmr/m/n/10 ([][] \OMS/cmsy/m/n/10 ^^A []\OT1/cmr/m/n/10 )\OMS/cmsy/m/n/10 j[] \OT1/cmr/m/n/10 = 0$\TU/SongtiSCRegular(0)/m/it/10 . \TU/STSong(0)/m/n/10 由 \TU/SongtiSCRegular(0)/m/it/10 BDM \TU/STSong(0)/m/n/10 元 的 唯 一 可 解 性 知 $[][] \OT1/cmr/m/n/10 = 0$\TU/SongtiSCRegular(0)/m/it/10 . \TU/STSong(0)/m/n/10 故 $[] \OMS/cmsy/m/n/10 2 []\OT1/cmr/m/n/10 (\OML/cmm/m/it/10 b[]\U/msb/m/n/10 P[]\OT1/cmr/m/n/10 (\OML/cmm/m/it/10 T\OT1/cmr/m/n/10 ; \U/msb/m/n/10 K\OT1/cmr/m/n/10 ))$\TU/SongtiSCRegular(0)/m/it/10 . 
 []




LaTeX Font Warning: Font shape `TU/SongtiSCRegular(0)/m/sl' undefined
(Font)              using `TU/SongtiSCRegular(0)/m/it' instead on input line 1014.

[67]


LaTeX Font Warning: Font shape `TU/SongtiSCRegular(0)/m/sl' undefined
(Font)              using `TU/SongtiSCRegular(0)/m/it' instead on input line 1095.

[68]


LaTeX Font Warning: Font shape `TU/SongtiSCRegular(0)/m/sl' undefined
(Font)              using `TU/SongtiSCRegular(0)/m/it' instead on input line 1154.

[69]) (./biharmonicequation.tex


LaTeX Font Warning: Font shape `TU/SongtiSCRegular(0)/m/sl' undefined
(Font)              using `TU/SongtiSCRegular(0)/m/it' instead on input line 2.

[70]
第五章


[71

]
Overfull \hbox (1.88875pt too wide) in paragraph at lines 109--111
\TU/SongtiSCRegular(0)/m/it/10 which implies that $[] [] [] \OT1/cmr/m/n/10 = \OMS/cmsy/m/n/10 ^^@\OML/cmm/m/it/10 f \OMS/cmsy/m/n/10 2 \OML/cmm/m/it/10 H[]\OT1/cmr/m/n/10 (
)$ \TU/SongtiSCRegular(0)/m/it/10 in the distributional sense. Therefore, $[] \OMS/cmsy/m/n/10 2 [][]\OT1/cmr/m/n/10 ([] []\OML/cmm/m/it/10 ; \OT1/cmr/m/n/10 
; \U/msb/m/n/10 S\OT1/cmr/m/n/10 )$
 []




LaTeX Font Warning: Font shape `TU/SongtiSCRegular(0)/m/sl' undefined
(Font)              using `TU/SongtiSCRegular(0)/m/it' instead on input line 121.

[72]
Overfull \hbox (2.83905pt too wide) in paragraph at lines 153--156
\TU/SongtiSCRegular(0)/m/it/10 normal-normal component $[][][][]$ is continuous across the interface $\OML/cmm/m/it/10 @\OT1/cmr/m/n/10 
[] \OMS/cmsy/m/n/10 \ \OML/cmm/m/it/10 @\OT1/cmr/m/n/10 
[]$\TU/SongtiSCRegular(0)/m/it/10 , then $[] \OMS/cmsy/m/n/10 2 [][]\OT1/cmr/m/n/10 ([] []\OML/cmm/m/it/10 ; \OT1/cmr/m/n/10 
; \U/msb/m/n/10 S\OT1/cmr/m/n/10 )$\TU/SongtiSCRegular(0)/m/it/10 . 
 []




LaTeX Font Warning: Font shape `TU/SongtiSCRegular(0)/m/sl' undefined
(Font)              using `TU/SongtiSCRegular(0)/m/it' instead on input line 174.

[73]


LaTeX Font Warning: Font shape `TU/SongtiSCRegular(0)/m/sl' undefined
(Font)              using `TU/SongtiSCRegular(0)/m/it' instead on input line 226.

[74]


LaTeX Font Warning: Font shape `TU/SongtiSCRegular(0)/m/sl' undefined
(Font)              using `TU/SongtiSCRegular(0)/m/it' instead on input line 288.

[75]


LaTeX Font Warning: Font shape `TU/SongtiSCRegular(0)/m/sl' undefined
(Font)              using `TU/SongtiSCRegular(0)/m/it' instead on input line 345.

[76]


LaTeX Font Warning: Font shape `TU/SongtiSCRegular(0)/m/sl' undefined
(Font)              using `TU/SongtiSCRegular(0)/m/it' instead on input line 413.

[77]


LaTeX Font Warning: Font shape `TU/SongtiSCRegular(0)/m/sl' undefined
(Font)              using `TU/SongtiSCRegular(0)/m/it' instead on input line 493.

[78]


LaTeX Font Warning: Font shape `TU/SongtiSCRegular(0)/m/sl' undefined
(Font)              using `TU/SongtiSCRegular(0)/m/it' instead on input line 537.

[79]


LaTeX Font Warning: Font shape `TU/SongtiSCRegular(0)/m/sl' undefined
(Font)              using `TU/SongtiSCRegular(0)/m/it' instead on input line 591.

[80]


LaTeX Font Warning: Font shape `TU/SongtiSCRegular(0)/m/sl' undefined
(Font)              using `TU/SongtiSCRegular(0)/m/it' instead on input line 657.

[81]
Overfull \hbox (18.52626pt too wide) in paragraph at lines 696--697
[][]\TU/STSong(0)/b/n/10 定 理 \TU/SongtiSCRegular(0)/b/it/10 5.15. []\TU/SongtiSCRegular(0)/m/it/10 Let $\OML/cmm/m/it/10 w[] \OMS/cmsy/m/n/10 2 \OML/cmm/m/it/10 V[]$ \TU/SongtiSCRegular(0)/m/it/10 be the solution of Morley element method []. Then $\OT1/cmr/m/n/10 (\OMS/cmsy/m/n/10 ^^@r[]\OML/cmm/m/it/10 w[]$\TU/SongtiSCRegular(0)/m/it/10 , $\OML/cmm/m/it/10 I[]w[]$\TU/SongtiSCRegular(0)/m/it/10 , $\OML/cmm/m/it/10 Q[]\OT1/cmr/m/n/10 (\OML/cmm/m/it/10 @[]w[]\OT1/cmr/m/n/10 )) \OMS/cmsy/m/n/10 2
 []




LaTeX Font Warning: Font shape `TU/SongtiSCRegular(0)/m/sl' undefined
(Font)              using `TU/SongtiSCRegular(0)/m/it' instead on input line 718.

[82])


LaTeX Font Warning: Font shape `TU/SongtiSCRegular(0)/m/sl' undefined
(Font)              using `TU/SongtiSCRegular(0)/m/it' instead on input line 157.

[83]


LaTeX Font Warning: Font shape `TU/SongtiSCRegular(0)/m/sl' undefined
(Font)              using `TU/SongtiSCRegular(0)/m/it' instead on input line 157.

[84

]

[85

]

[86] (./lagrangegeodecomp.tex
第一章

LaTeX Warning: Citation `Chen;Huang:2022FEMcomplex3D' on page 87 undefined on input line 25.



[87

]

LaTeX Warning: Citation `Chen;Huang:2022FEMcomplex3D' on page 88 undefined on input line 50.


LaTeX Warning: Citation `ChenHuang2021Cmgeodecomp' on page 88 undefined on input line 50.


LaTeX Warning: Citation `nicolaides1973class' on page 88 undefined on input line 50.




LaTeX Font Warning: Font shape `TU/SongtiSCRegular(0)/m/sl' undefined
(Font)              using `TU/SongtiSCRegular(0)/m/it' instead on input line 115.

[88]


LaTeX Font Warning: Font shape `TU/SongtiSCRegular(0)/m/sl' undefined
(Font)              using `TU/SongtiSCRegular(0)/m/it' instead on input line 183.

[89]) (./operatortheory.tex


LaTeX Font Warning: Font shape `TU/SongtiSCRegular(0)/m/sl' undefined
(Font)              using `TU/SongtiSCRegular(0)/m/it' instead on input line 2.

[90]
第二章


[91

]


LaTeX Font Warning: Font shape `TU/SongtiSCRegular(0)/m/sl' undefined
(Font)              using `TU/SongtiSCRegular(0)/m/it' instead on input line 142.

[92]) (./sobolevspace.tex


LaTeX Font Warning: Font shape `TU/SongtiSCRegular(0)/m/sl' undefined
(Font)              using `TU/SongtiSCRegular(0)/m/it' instead on input line 2.

[93]


LaTeX Font Warning: Font shape `TU/SongtiSCRegular(0)/m/sl' undefined
(Font)              using `TU/SongtiSCRegular(0)/m/it' instead on input line 2.

[94

]
第三章
File: figures/slitdomain.pdf Graphic file (type pdf)
<use figures/slitdomain.pdf>
File: figures/cuspdomain.pdf Graphic file (type pdf)
<use figures/cuspdomain.pdf>


[95]


LaTeX Font Warning: Font shape `TU/SongtiSCRegular(0)/m/sl' undefined
(Font)              using `TU/SongtiSCRegular(0)/m/it' instead on input line 104.

[96]


LaTeX Font Warning: Font shape `TU/SongtiSCRegular(0)/m/sl' undefined
(Font)              using `TU/SongtiSCRegular(0)/m/it' instead on input line 162.

[97]


LaTeX Font Warning: Font shape `TU/SongtiSCRegular(0)/m/sl' undefined
(Font)              using `TU/SongtiSCRegular(0)/m/it' instead on input line 228.

[98]


LaTeX Font Warning: Font shape `TU/SongtiSCRegular(0)/m/sl' undefined
(Font)              using `TU/SongtiSCRegular(0)/m/it' instead on input line 296.

[99]
Overfull \hbox (9.09897pt too wide) in paragraph at lines 327--330
[]\TU/SongtiSCRegular(0)/m/it/10 Sobolev embedding theorem connects ideas of smoothness using “weak” and “classic” derivatives. Roughly
 []




LaTeX Font Warning: Font shape `TU/SongtiSCRegular(0)/m/sl' undefined
(Font)              using `TU/SongtiSCRegular(0)/m/it' instead on input line 354.

[100]
File: figures/sobolevEmbeddingLine.pdf Graphic file (type pdf)
<use figures/sobolevEmbeddingLine.pdf>



LaTeX Font Warning: Font shape `TU/SongtiSCRegular(0)/m/sl' undefined
(Font)              using `TU/SongtiSCRegular(0)/m/it' instead on input line 400.

[101]


LaTeX Font Warning: Font shape `TU/SongtiSCRegular(0)/m/sl' undefined
(Font)              using `TU/SongtiSCRegular(0)/m/it' instead on input line 460.

[102]


LaTeX Font Warning: Font shape `TU/SongtiSCRegular(0)/m/sl' undefined
(Font)              using `TU/SongtiSCRegular(0)/m/it' instead on input line 524.

[103]


LaTeX Font Warning: Font shape `TU/SongtiSCRegular(0)/m/sl' undefined
(Font)              using `TU/SongtiSCRegular(0)/m/it' instead on input line 585.

[104]


LaTeX Font Warning: Font shape `TU/SongtiSCRegular(0)/m/sl' undefined
(Font)              using `TU/SongtiSCRegular(0)/m/it' instead on input line 642.

[105]) (./complexapplication.tex


LaTeX Font Warning: Font shape `TU/SongtiSCRegular(0)/m/sl' undefined
(Font)              using `TU/SongtiSCRegular(0)/m/it' instead on input line 2.

[106]
第四章
<xymatrix 6x1 233>

[107

] <xymatrix 6x1 233> <xymatrix 6x1 233>


LaTeX Font Warning: Font shape `TU/SongtiSCRegular(0)/m/sl' undefined
(Font)              using `TU/SongtiSCRegular(0)/m/it' instead on input line 169.

[108] <xymatrix 6x1 233> <xymatrix 6x1 233>


LaTeX Font Warning: Font shape `TU/SongtiSCRegular(0)/m/sl' undefined
(Font)              using `TU/SongtiSCRegular(0)/m/it' instead on input line 256.

[109]) (./lecture.bbl (./lecture.brf)
\tf@brf=\write7
\openout7 = `lecture.brf'.




LaTeX Font Warning: Font shape `TU/SongtiSCRegular(0)/m/sl' undefined
(Font)              using `TU/SongtiSCRegular(0)/m/it' instead on input line 1.

[110]

[111

]


LaTeX Font Warning: Font shape `TU/SongtiSCRegular(0)/m/sl' undefined
(Font)              using `TU/SongtiSCRegular(0)/m/it' instead on input line 148.

[112]


LaTeX Font Warning: Font shape `TU/SongtiSCRegular(0)/m/sl' undefined
(Font)              using `TU/SongtiSCRegular(0)/m/it' instead on input line 229.

[113]


LaTeX Font Warning: Font shape `TU/SongtiSCRegular(0)/m/sl' undefined
(Font)              using `TU/SongtiSCRegular(0)/m/it' instead on input line 309.

[114]


LaTeX Font Warning: Font shape `TU/SongtiSCRegular(0)/m/sl' undefined
(Font)              using `TU/SongtiSCRegular(0)/m/it' instead on input line 395.

[115])


LaTeX Font Warning: Font shape `TU/SongtiSCRegular(0)/m/sl' undefined
(Font)              using `TU/SongtiSCRegular(0)/m/it' instead on input line 174.

[116] (./lecture.aux)
 ***********
LaTeX2e <2024-11-01> patch level 2
L3 programming layer <2022/07/14>
 ***********


LaTeX Font Warning: Some font shapes were not available, defaults substituted.


LaTeX Warning: There were undefined references.


LaTeX Warning: There were multiply-defined labels.

Package rerunfilecheck Info: File `lecture.out' has not changed.
(rerunfilecheck)             Checksum: 026C0B40CA4C8963D022CE82E7ABE8EC;10743.
Package rerunfilecheck Info: File `lecture.brf' has not changed.
(rerunfilecheck)             Checksum: 8601C40DA09D106C26DEFE23ABEED954;6296.
 ) 
Here is how much of TeX's memory you used:
 33532 strings out of 473832
 714162 string characters out of 5729481
 1147044 words of memory out of 5000000
 55926 multiletter control sequences out of 15000+600000
 578358 words of font info for 166 fonts, out of 8000000 for 9000
 1348 hyphenation exceptions out of 8191
 88i,24n,128p,848b,665s stack positions out of 10000i,1000n,20000p,200000b,200000s

Output written on lecture.pdf (116 pages).
