\BOOKMARK [0][-]{chapter.1}{\376\377\155\367\124\010\123\330\122\006\225\356\230\230}{}% 1
\BOOKMARK [1][-]{section.1.1}{\376\377\155\367\124\010\123\330\122\006\225\356\230\230\116\076\117\213}{chapter.1}% 2
\BOOKMARK [1][-]{section.1.2}{\376\377\000B\000a\000b\000u\001\141\000k\000a\000\040\164\006\213\272}{chapter.1}% 3
\BOOKMARK [2][-]{subsection.1.2.1}{\376\377\142\275\214\141\123\330\122\006\225\356\230\230}{section.1.2}% 4
\BOOKMARK [2][-]{subsection.1.2.2}{\376\377\123\330\122\006\225\356\230\230\166\204\171\273\145\143\377\032\000R\000i\000t\000z\145\271\154\325}{section.1.2}% 5
\BOOKMARK [2][-]{subsection.1.2.3}{\376\377\123\330\122\006\225\356\230\230\166\204\171\273\145\143\377\032\000G\000a\000l\000e\000r\000k\000i\000n\145\271\154\325}{section.1.2}% 6
\BOOKMARK [1][-]{section.1.3}{\376\377\227\215\160\271\174\373\176\337\377\032\000B\000r\000e\000z\000z\000i\000\040\164\006\213\272}{chapter.1}% 7
\BOOKMARK [2][-]{subsection.1.3.1}{\376\377\155\367\124\010\123\330\122\006\225\356\230\230}{section.1.3}% 8
\BOOKMARK [2][-]{subsection.1.3.2}{\376\377\000I\000n\000f\000-\000s\000u\000p\000\040\147\141\116\366}{section.1.3}% 9
\BOOKMARK [2][-]{subsection.1.3.3}{\376\377\123\117\214\003\171\273\145\143}{section.1.3}% 10
\BOOKMARK [2][-]{subsection.1.3.4}{\376\377\000F\000o\000r\000t\000i\000n\000\040\173\227\133\120}{section.1.3}% 11
\BOOKMARK [1][-]{section.1.4}{\376\377\227\215\160\271\174\373\176\337\377\032\000Z\000u\000l\000e\000h\000n\000e\000r\000\040\164\006\213\272}{chapter.1}% 12
\BOOKMARK [0][-]{chapter.2}{\376\377\000D\000e\000\040\000R\000h\000a\000m\131\015\137\142\123\312\147\011\226\120\121\103\171\273\145\143}{}% 13
\BOOKMARK [1][-]{section.2.1}{\376\377\116\011\176\364\000d\000e\000\040\000R\000h\000a\000m\131\015\137\142}{chapter.2}% 14
\BOOKMARK [1][-]{section.2.2}{\376\377\131\032\230\171\137\017\131\015\137\142}{chapter.2}% 15
\BOOKMARK [2][-]{subsection.2.2.1}{\376\377\116\214\176\364\131\032\230\171\137\017\131\015\137\142}{section.2.2}% 16
\BOOKMARK [2][-]{subsection.2.2.2}{\376\377\116\011\176\364\131\032\230\171\137\017\131\015\137\142}{section.2.2}% 17
\BOOKMARK [2][-]{subsection.2.2.3}{\376\377\116\373\141\017\176\364\131\032\230\171\137\017\131\015\137\142}{section.2.2}% 18
\BOOKMARK [1][-]{section.2.3}{\376\377\000t\000-\000n\000\040\000b\000a\000s\000e\000s}{chapter.2}% 19
\BOOKMARK [1][-]{section.2.4}{\376\377\000H\000\050\000d\000i\000v\000\051\000\040\147\011\226\120\121\103}{chapter.2}% 20
\BOOKMARK [2][-]{subsection.2.4.1}{\376\377\000H\000\050\000d\000i\000v\000\051\000\040\172\172\225\364\124\214\217\371\173\227\133\120}{section.2.4}% 21
\BOOKMARK [2][-]{subsection.2.4.2}{\376\377\000R\000a\000v\000i\000a\000r\000t\000-\000T\000h\000o\000m\000a\000s\000\040\121\103}{section.2.4}% 22
\BOOKMARK [2][-]{subsection.2.4.3}{\376\377\000B\000r\000e\000z\000z\000i\000-\000D\000o\000u\000g\000l\000a\000s\000-\000M\000a\000r\000i\000n\000i\000\040\121\103}{section.2.4}% 23
\BOOKMARK [1][-]{section.2.5}{\376\377\000H\000\050\000c\000u\000r\000l\000\051\000\040\147\011\226\120\121\103}{chapter.2}% 24
\BOOKMARK [1][-]{section.2.6}{\376\377\147\011\226\120\121\103\000\040\000d\000e\000\040\000R\000h\000a\000m\000\040\131\015\137\142}{chapter.2}% 25
\BOOKMARK [0][-]{chapter.3}{\376\377\000P\000o\000i\000s\000s\000o\000n\145\271\172\013\166\204\155\367\124\010\147\011\226\120\121\103\145\271\154\325}{}% 26
\BOOKMARK [1][-]{section.3.1}{\376\377\000P\000o\000i\000s\000s\000o\000n\000\040\145\271\172\013}{chapter.3}% 27
\BOOKMARK [1][-]{section.3.2}{\376\377\000P\000o\000i\000s\000s\000o\000n\000\040\145\271\172\013\166\204\155\367\124\010\147\011\226\120\121\103\150\074\137\017}{chapter.3}% 28
\BOOKMARK [1][-]{section.3.3}{\376\377\213\357\135\356\122\006\147\220}{chapter.3}% 29
\BOOKMARK [1][-]{section.3.4}{\376\377\124\016\131\004\164\006}{chapter.3}% 30
\BOOKMARK [1][-]{section.3.5}{\376\377\147\102\116\244\123\026}{chapter.3}% 31
\BOOKMARK [0][-]{chapter.4}{\376\377\000S\000t\000o\000k\000e\000s\145\271\172\013\166\204\155\367\124\010\147\011\226\120\121\103\145\271\154\325}{}% 32
\BOOKMARK [1][-]{section.4.1}{\376\377\000S\000t\000o\000k\000e\000s\145\271\172\013}{chapter.4}% 33
\BOOKMARK [1][-]{section.4.2}{\376\377\000S\000t\000o\000k\000e\000s\145\271\172\013\166\204\123\117\214\003\155\367\124\010\147\011\226\120\121\103\145\271\154\325}{chapter.4}% 34
\BOOKMARK [2][-]{subsection.4.2.1}{\376\377\123\213\122\233\225\364\145\255\166\204\123\117\214\003\121\103\145\271\154\325}{section.4.2}% 35
\BOOKMARK [2][-]{subsection.4.2.2}{\376\377\123\213\122\233\217\336\176\355\166\204\123\117\214\003\121\103\145\271\154\325}{section.4.2}% 36
\BOOKMARK [1][-]{section.4.3}{\376\377\000S\000t\000o\000k\000e\000s\145\271\172\013\166\204\227\136\123\117\214\003\155\367\124\010\121\103\145\271\154\325}{chapter.4}% 37
\BOOKMARK [2][-]{subsection.4.3.1}{\376\377\227\136\123\117\214\003\000P\0001\000-\000P\0000\121\103}{section.4.3}% 38
\BOOKMARK [2][-]{subsection.4.3.2}{\376\377\116\000\116\052\145\260\166\204\227\136\123\117\214\003\121\103}{section.4.3}% 39
\BOOKMARK [2][-]{subsection.4.3.3}{\376\377\000D\000i\000v\000e\000r\000g\000e\000n\000c\000e\000-\000f\000r\000e\000e\227\136\123\117\214\003\121\103}{section.4.3}% 40
\BOOKMARK [1][-]{section.4.4}{\376\377\000\040\000S\000t\000o\000k\000e\000s\000\040\131\015\137\142}{chapter.4}% 41
\BOOKMARK [2][-]{subsection.4.4.1}{\376\377\147\011\226\120\121\103\000S\000t\000o\000k\000e\000s\131\015\137\142}{section.4.4}% 42
\BOOKMARK [0][-]{chapter.5}{\376\377\221\315\214\003\124\214\145\271\172\013\155\367\124\010\121\103\145\271\154\325}{}% 43
\BOOKMARK [1][-]{section.5.1}{\376\377\000H\000e\000l\000l\000a\000n\000-\000H\000e\000r\000r\000m\000a\000n\000n\000-\000J\000o\000h\000n\000s\000o\000n\000\040\000M\000i\000x\000e\000d\000\040\000M\000e\000t\000h\000o\000d}{chapter.5}% 44
\BOOKMARK [2][-]{subsection.5.1.1}{\376\377\000H\000H\000J\000\040\000m\000e\000t\000h\000o\000d}{section.5.1}% 45
\BOOKMARK [2][-]{subsection.5.1.2}{\376\377\000P\000o\000s\000t\000p\000r\000o\000c\000e\000s\000s\000i\000n\000g}{section.5.1}% 46
\BOOKMARK [2][-]{subsection.5.1.3}{\376\377\000H\000y\000b\000r\000i\000d\000i\000z\000a\000t\000i\000o\000n}{section.5.1}% 47
\BOOKMARK [2][-]{subsection.5.1.4}{\376\377\000E\000q\000u\000i\000v\000a\000l\000e\000n\000c\000e\000\040\000b\000e\000t\000w\000e\000e\000n\000\040\000H\000H\000J\000\040\000m\000e\000t\000h\000o\000d\000\040\000a\000n\000d\000\040\000m\000o\000d\000i\000f\000i\000e\000d\000\040\000M\000o\000r\000l\000e\000y\000\040\000e\000l\000e\000m\000e\000n\000t\000\040\000m\000e\000t\000h\000o\000d}{section.5.1}% 48
\BOOKMARK [0][-]{section*.16}{\376\377\000A\000p\000p\000e\000n\000d\000i\000c\000e\000s}{}% 49
\BOOKMARK [0][-]{appendix.1.A}{\376\377\000A\000p\000p\000e\000n\000d\000i\000x\000\040\000B\000e\000r\000n\000s\000t\000e\000i\000n\000\040\131\032\230\171\137\017\124\214\000\040\000L\000a\000g\000r\000a\000n\000g\000e\000\040\121\103\121\340\117\125\122\006\211\343}{}% 50
\BOOKMARK [1][-]{section.1.A.1}{\376\377\123\125\176\257\137\142\124\214\133\120\123\125\176\257\137\142}{appendix.1.A}% 51
\BOOKMARK [1][-]{section.1.A.2}{\376\377\221\315\137\303\127\120\150\007\124\214\000\040\000B\000e\000r\000n\000s\000t\000e\000i\000n\000\040\131\032\230\171\137\017}{appendix.1.A}% 52
\BOOKMARK [1][-]{section.1.A.3}{\376\377\000L\000a\000g\000r\000a\000n\000g\000e\000\040\121\103\121\340\117\125\122\006\211\343}{appendix.1.A}% 53
\BOOKMARK [0][-]{appendix.1.B}{\376\377\000A\000p\000p\000e\000n\000d\000i\000x\000\040\173\227\133\120\164\006\213\272}{}% 54
\BOOKMARK [1][-]{section.1.B.1}{\376\377\000P\000r\000e\000l\000i\000m\000i\000n\000a\000r\000y\000\040\000F\000r\000o\000m\000\040\000F\000u\000n\000c\000t\000i\000o\000n\000a\000l\000\040\000A\000n\000a\000l\000y\000s\000i\000s}{appendix.1.B}% 55
\BOOKMARK [2][-]{subsection.1.B.1.1}{\376\377\000C\000l\000o\000s\000e\000d\000\040\000o\000p\000e\000r\000a\000t\000o\000r\000s}{section.1.B.1}% 56
\BOOKMARK [2][-]{subsection.1.B.1.2}{\376\377\000A\000d\000j\000o\000i\000n\000t\000s\000\040\000i\000n\000\040\000B\000a\000n\000a\000c\000h\000\040\000s\000p\000a\000c\000e\000s}{section.1.B.1}% 57
\BOOKMARK [0][-]{appendix.1.C}{\376\377\000A\000p\000p\000e\000n\000d\000i\000x\000\040\000S\000o\000b\000o\000l\000e\000v\000\040\000S\000p\000a\000c\000e\000s\000\040\000a\000n\000d\000\040\000E\000l\000l\000i\000p\000t\000i\000c\000\040\000E\000q\000u\000a\000t\000i\000o\000n\000s}{}% 58
\BOOKMARK [1][-]{section.1.C.1}{\376\377\000S\000o\000b\000o\000l\000e\000v\000\040\000S\000p\000a\000c\000e\000s}{appendix.1.C}% 59
\BOOKMARK [2][-]{subsection.1.C.1.1}{\376\377\000P\000r\000e\000l\000i\000m\000i\000n\000a\000r\000i\000e\000s}{section.1.C.1}% 60
\BOOKMARK [2][-]{subsection.1.C.1.2}{\376\377\000D\000e\000f\000i\000n\000i\000t\000i\000o\000n\000\040\000o\000f\000\040\000S\000o\000b\000o\000l\000e\000v\000\040\000s\000p\000a\000c\000e\000s}{section.1.C.1}% 61
\BOOKMARK [2][-]{subsection.1.C.1.3}{\376\377\000E\000x\000t\000e\000n\000s\000i\000o\000n\000\040\000t\000h\000e\000o\000r\000e\000m\000s}{section.1.C.1}% 62
\BOOKMARK [2][-]{subsection.1.C.1.4}{\376\377\000E\000m\000b\000e\000d\000d\000i\000n\000g\000\040\000t\000h\000e\000o\000r\000e\000m\000s}{section.1.C.1}% 63
\BOOKMARK [2][-]{subsection.1.C.1.5}{\376\377\000T\000r\000a\000c\000e\000\040\000T\000h\000e\000o\000r\000e\000m}{section.1.C.1}% 64
\BOOKMARK [2][-]{subsection.1.C.1.6}{\376\377\000N\000o\000r\000m\000\040\000E\000q\000u\000i\000v\000a\000l\000e\000n\000c\000e\000\040\000T\000h\000e\000o\000r\000e\000m}{section.1.C.1}% 65
\BOOKMARK [2][-]{subsection.1.C.1.7}{\376\377\000G\000r\000e\000e\000n\000'\000s\000\040\000f\000o\000r\000m\000u\000l\000a\000s}{section.1.C.1}% 66
\BOOKMARK [1][-]{section.1.C.2}{\376\377\000E\000l\000l\000i\000p\000t\000i\000c\000\040\000B\000o\000u\000n\000d\000a\000r\000y\000\040\000V\000a\000l\000u\000e\000\040\000P\000r\000o\000b\000l\000e\000m\000s\000\040\000a\000n\000d\000\040\000R\000e\000g\000u\000l\000a\000r\000i\000t\000y}{appendix.1.C}% 67
\BOOKMARK [2][-]{subsection.1.C.2.1}{\376\377\000W\000e\000a\000k\000\040\000f\000o\000r\000m\000u\000l\000a\000t\000i\000o\000n}{section.1.C.2}% 68
\BOOKMARK [2][-]{subsection.1.C.2.2}{\376\377\000R\000e\000g\000u\000l\000a\000r\000i\000t\000y\000\040\000t\000h\000e\000o\000r\000y}{section.1.C.2}% 69
\BOOKMARK [0][-]{appendix.1.D}{\376\377\000A\000p\000p\000e\000n\000d\000i\000x\000\040\137\256\122\006\131\015\137\142\127\050\120\117\137\256\122\006\145\271\172\013\116\055\166\204\136\224\165\050}{}% 70
\BOOKMARK [1][-]{section.1.D.1}{\376\377\000S\000t\000o\000k\000e\000s\000\040\000C\000o\000m\000p\000l\000e\000x\000\040\123\312\136\224\165\050}{appendix.1.D}% 71
